[ 2013-08-24T22:36:40+08:00 ] 127.0.0.1 /webs/Home/
INFO: [ app_begin ] --START--
INFO: Run ReadHtmlCache Behavior [ RunTime:0.000544s ]
INFO: [ app_begin ] --END-- [ RunTime:0.000657s ]
INFO: [ view_parse ] --START--
INFO: Run ParseTemplate Behavior [ RunTime:0.035784s ]
INFO: [ view_parse ] --END-- [ RunTime:0.035956s ]
INFO: [ view_filter ] --START--
INFO: Run ContentReplace Behavior [ RunTime:0.000686s ]
INFO: Run TokenBuild Behavior [ RunTime:0.000359s ]
INFO: Run WriteHtmlCache Behavior [ RunTime:0.000429s ]
INFO: Run ShowRuntime Behavior [ RunTime:0.000404s ]
INFO: [ view_filter ] --END-- [ RunTime:0.002087s ]
INFO: [ view_end ] --START--
INFO: Run ShowPageTrace Behavior [ RunTime:0.000792s ]
INFO: [ view_end ] --END-- [ RunTime:0.000869s ]

[ 2013-08-24T22:37:18+08:00 ] 127.0.0.1 /webs/Home/
INFO: [ app_begin ] --START--
INFO: Run ReadHtmlCache Behavior [ RunTime:0.000358s ]
INFO: [ app_begin ] --END-- [ RunTime:0.000440s ]
INFO: [ view_parse ] --START--
INFO: Run ParseTemplate Behavior [ RunTime:0.001018s ]
INFO: [ view_parse ] --END-- [ RunTime:0.001111s ]
INFO: [ view_filter ] --START--
INFO: Run ContentReplace Behavior [ RunTime:0.000283s ]
INFO: Run TokenBuild Behavior [ RunTime:0.000308s ]
INFO: Run WriteHtmlCache Behavior [ RunTime:0.000229s ]
INFO: Run ShowRuntime Behavior [ RunTime:0.000298s ]
INFO: [ view_filter ] --END-- [ RunTime:0.001272s ]
INFO: [ view_end ] --START--
INFO: Run ShowPageTrace Behavior [ RunTime:0.000266s ]
INFO: [ view_end ] --END-- [ RunTime:0.000335s ]

[ 2013-08-24T22:37:20+08:00 ] 127.0.0.1 /webs/Home/
INFO: [ app_begin ] --START--
INFO: Run ReadHtmlCache Behavior [ RunTime:0.000293s ]
INFO: [ app_begin ] --END-- [ RunTime:0.000416s ]
INFO: [ view_parse ] --START--
INFO: Run ParseTemplate Behavior [ RunTime:0.000664s ]
INFO: [ view_parse ] --END-- [ RunTime:0.000827s ]
INFO: [ view_filter ] --START--
INFO: Run ContentReplace Behavior [ RunTime:0.000280s ]
INFO: Run TokenBuild Behavior [ RunTime:0.000259s ]
INFO: Run WriteHtmlCache Behavior [ RunTime:0.000191s ]
INFO: Run ShowRuntime Behavior [ RunTime:0.000313s ]
INFO: [ view_filter ] --END-- [ RunTime:0.001312s ]
INFO: [ view_end ] --START--
INFO: Run ShowPageTrace Behavior [ RunTime:0.000258s ]
INFO: [ view_end ] --END-- [ RunTime:0.000353s ]

[ 2013-08-24T22:37:21+08:00 ] 127.0.0.1 /webs/Home/
INFO: [ app_begin ] --START--
INFO: Run ReadHtmlCache Behavior [ RunTime:0.000195s ]
INFO: [ app_begin ] --END-- [ RunTime:0.000268s ]
INFO: [ view_parse ] --START--
INFO: Run ParseTemplate Behavior [ RunTime:0.000684s ]
INFO: [ view_parse ] --END-- [ RunTime:0.000773s ]
INFO: [ view_filter ] --START--
INFO: Run ContentReplace Behavior [ RunTime:0.000189s ]
INFO: Run TokenBuild Behavior [ RunTime:0.000175s ]
INFO: Run WriteHtmlCache Behavior [ RunTime:0.000137s ]
INFO: Run ShowRuntime Behavior [ RunTime:0.000205s ]
INFO: [ view_filter ] --END-- [ RunTime:0.000910s ]
INFO: [ view_end ] --START--
INFO: Run ShowPageTrace Behavior [ RunTime:0.000170s ]
INFO: [ view_end ] --END-- [ RunTime:0.000222s ]

[ 2013-08-24T22:38:05+08:00 ] 127.0.0.1 /webs/Home/
INFO: [ app_begin ] --START--
INFO: Run ReadHtmlCache Behavior [ RunTime:0.000267s ]
INFO: [ app_begin ] --END-- [ RunTime:0.000367s ]
INFO: [ view_parse ] --START--
INFO: Run ParseTemplate Behavior [ RunTime:0.000761s ]
INFO: [ view_parse ] --END-- [ RunTime:0.000875s ]
INFO: [ view_filter ] --START--
INFO: Run ContentReplace Behavior [ RunTime:0.000247s ]
INFO: Run TokenBuild Behavior [ RunTime:0.000295s ]
INFO: Run WriteHtmlCache Behavior [ RunTime:0.000182s ]
INFO: Run ShowRuntime Behavior [ RunTime:0.000269s ]
INFO: [ view_filter ] --END-- [ RunTime:0.001193s ]
INFO: [ view_end ] --START--
INFO: Run ShowPageTrace Behavior [ RunTime:0.000273s ]
INFO: [ view_end ] --END-- [ RunTime:0.000358s ]

[ 2013-08-24T22:38:32+08:00 ] 127.0.0.1 /webs/Home/
INFO: [ app_begin ] --START--
INFO: Run ReadHtmlCache Behavior [ RunTime:0.000259s ]
INFO: [ app_begin ] --END-- [ RunTime:0.000353s ]
INFO: [ view_parse ] --START--
INFO: Run ParseTemplate Behavior [ RunTime:0.000655s ]
INFO: [ view_parse ] --END-- [ RunTime:0.000764s ]
INFO: [ view_filter ] --START--
INFO: Run ContentReplace Behavior [ RunTime:0.000227s ]
INFO: Run TokenBuild Behavior [ RunTime:0.000271s ]
INFO: Run WriteHtmlCache Behavior [ RunTime:0.000165s ]
INFO: Run ShowRuntime Behavior [ RunTime:0.000249s ]
INFO: [ view_filter ] --END-- [ RunTime:0.001094s ]
INFO: [ view_end ] --START--
INFO: Run ShowPageTrace Behavior [ RunTime:0.000268s ]
INFO: [ view_end ] --END-- [ RunTime:0.000334s ]

[ 2013-08-24T22:38:33+08:00 ] 127.0.0.1 /webs/Home/
INFO: [ app_begin ] --START--
INFO: Run ReadHtmlCache Behavior [ RunTime:0.000326s ]
INFO: [ app_begin ] --END-- [ RunTime:0.000414s ]
INFO: [ view_parse ] --START--
INFO: Run ParseTemplate Behavior [ RunTime:0.000457s ]
INFO: [ view_parse ] --END-- [ RunTime:0.000572s ]
INFO: [ view_filter ] --START--
INFO: Run ContentReplace Behavior [ RunTime:0.000193s ]
INFO: Run TokenBuild Behavior [ RunTime:0.000179s ]
INFO: Run WriteHtmlCache Behavior [ RunTime:0.000139s ]
INFO: Run ShowRuntime Behavior [ RunTime:0.000216s ]
INFO: [ view_filter ] --END-- [ RunTime:0.000904s ]
INFO: [ view_end ] --START--
INFO: Run ShowPageTrace Behavior [ RunTime:0.000176s ]
INFO: [ view_end ] --END-- [ RunTime:0.000239s ]

[ 2013-08-24T22:38:42+08:00 ] 127.0.0.1 /webs/Home/
INFO: [ app_begin ] --START--
INFO: Run ReadHtmlCache Behavior [ RunTime:0.000194s ]
INFO: [ app_begin ] --END-- [ RunTime:0.000266s ]
INFO: [ view_parse ] --START--
INFO: Run ParseTemplate Behavior [ RunTime:0.000431s ]
INFO: [ view_parse ] --END-- [ RunTime:0.000519s ]
INFO: [ view_filter ] --START--
INFO: Run ContentReplace Behavior [ RunTime:0.000185s ]
INFO: Run TokenBuild Behavior [ RunTime:0.000174s ]
INFO: Run WriteHtmlCache Behavior [ RunTime:0.000137s ]
INFO: Run ShowRuntime Behavior [ RunTime:0.000203s ]
INFO: [ view_filter ] --END-- [ RunTime:0.000846s ]
INFO: [ view_end ] --START--
INFO: Run ShowPageTrace Behavior [ RunTime:0.000176s ]
INFO: [ view_end ] --END-- [ RunTime:0.000225s ]

