[ 2013-07-17T21:53:12+08:00 ] 127.0.0.1 /webs/
INFO: [ app_begin ] --START--
INFO: Run ReadHtmlCache Behavior [ RunTime:0.000764s ]
INFO: [ app_begin ] --END-- [ RunTime:0.000934s ]
INFO: [ view_parse ] --START--
INFO: Run ParseTemplate Behavior [ RunTime:0.002831s ]
INFO: [ view_parse ] --END-- [ RunTime:0.003032s ]
INFO: [ view_filter ] --START--
INFO: Run ContentReplace Behavior [ RunTime:0.000635s ]
INFO: Run TokenBuild Behavior [ RunTime:0.000760s ]
INFO: Run WriteHtmlCache Behavior [ RunTime:0.000433s ]
INFO: Run ShowRuntime Behavior [ RunTime:0.000562s ]
INFO: [ view_filter ] --END-- [ RunTime:0.002694s ]
INFO: [ view_end ] --START--
INFO: Run ShowPageTrace Behavior [ RunTime:0.000491s ]
INFO: [ view_end ] --END-- [ RunTime:0.000591s ]

[ 2013-07-17T21:55:52+08:00 ] 127.0.0.1 /webs/
INFO: [ app_begin ] --START--
INFO: Run ReadHtmlCache Behavior [ RunTime:0.000456s ]
INFO: [ app_begin ] --END-- [ RunTime:0.000570s ]
INFO: [ view_parse ] --START--
INFO: Run ParseTemplate Behavior [ RunTime:0.000734s ]
INFO: [ view_parse ] --END-- [ RunTime:0.000828s ]
INFO: [ view_filter ] --START--
INFO: Run ContentReplace Behavior [ RunTime:0.000251s ]
INFO: Run TokenBuild Behavior [ RunTime:0.000228s ]
INFO: Run WriteHtmlCache Behavior [ RunTime:0.000271s ]
INFO: Run ShowRuntime Behavior [ RunTime:0.000255s ]
INFO: [ view_filter ] --END-- [ RunTime:0.001131s ]
INFO: [ view_end ] --START--
INFO: Run ShowPageTrace Behavior [ RunTime:0.000223s ]
INFO: [ view_end ] --END-- [ RunTime:0.000268s ]

[ 2013-07-17T22:17:52+08:00 ] 127.0.0.1 /webs/
INFO: [ app_begin ] --START--
INFO: Run ReadHtmlCache Behavior [ RunTime:0.000534s ]
INFO: [ app_begin ] --END-- [ RunTime:0.000648s ]
SQL: SHOW COLUMNS FROM `think_demo` [ RunTime:0.005341s ]
SQL: SELECT * FROM `think_demo`  [ RunTime:0.002161s ]
INFO: [ view_template ] --START--
INFO: Run LocationTemplate Behavior [ RunTime:0.001221s ]
INFO: [ view_template ] --END-- [ RunTime:0.001285s ]
INFO: [ view_parse ] --START--
INFO: Run ParseTemplate Behavior [ RunTime:0.005330s ]
INFO: [ view_parse ] --END-- [ RunTime:0.005408s ]
INFO: [ view_filter ] --START--
INFO: Run ContentReplace Behavior [ RunTime:0.000291s ]
INFO: Run TokenBuild Behavior [ RunTime:0.000226s ]
INFO: Run WriteHtmlCache Behavior [ RunTime:0.000200s ]
INFO: Run ShowRuntime Behavior [ RunTime:0.000255s ]
INFO: [ view_filter ] --END-- [ RunTime:0.001099s ]
INFO: [ view_end ] --START--
INFO: Run ShowPageTrace Behavior [ RunTime:0.000222s ]
INFO: [ view_end ] --END-- [ RunTime:0.000266s ]

[ 2013-07-17T22:19:26+08:00 ] 127.0.0.1 /webs/
INFO: [ app_begin ] --START--
INFO: Run ReadHtmlCache Behavior [ RunTime:0.000171s ]
INFO: [ app_begin ] --END-- [ RunTime:0.000239s ]
SQL: SHOW COLUMNS FROM `think_demo` [ RunTime:0.003156s ]
SQL: SELECT * FROM `think_demo`  [ RunTime:0.001757s ]
INFO: [ view_template ] --START--
INFO: Run LocationTemplate Behavior [ RunTime:0.000280s ]
INFO: [ view_template ] --END-- [ RunTime:0.000344s ]
INFO: [ view_parse ] --START--
INFO: Run ParseTemplate Behavior [ RunTime:0.005681s ]
INFO: [ view_parse ] --END-- [ RunTime:0.005758s ]
INFO: [ view_filter ] --START--
INFO: Run ContentReplace Behavior [ RunTime:0.000347s ]
INFO: Run TokenBuild Behavior [ RunTime:0.000178s ]
INFO: Run WriteHtmlCache Behavior [ RunTime:0.000130s ]
INFO: Run ShowRuntime Behavior [ RunTime:0.000183s ]
INFO: [ view_filter ] --END-- [ RunTime:0.000970s ]
INFO: [ view_end ] --START--
INFO: Run ShowPageTrace Behavior [ RunTime:0.000152s ]
INFO: [ view_end ] --END-- [ RunTime:0.000197s ]

[ 2013-07-17T22:19:35+08:00 ] 127.0.0.1 /webs/
INFO: [ app_begin ] --START--
INFO: Run ReadHtmlCache Behavior [ RunTime:0.000365s ]
INFO: [ app_begin ] --END-- [ RunTime:0.000494s ]
SQL: SHOW COLUMNS FROM `think_demo` [ RunTime:0.005350s ]
SQL: SELECT * FROM `think_demo`  [ RunTime:0.001528s ]
INFO: [ view_template ] --START--
INFO: Run LocationTemplate Behavior [ RunTime:0.000343s ]
INFO: [ view_template ] --END-- [ RunTime:0.000421s ]
INFO: [ view_parse ] --START--
INFO: Run ParseTemplate Behavior [ RunTime:0.006851s ]
INFO: [ view_parse ] --END-- [ RunTime:0.006941s ]
INFO: [ view_filter ] --START--
INFO: Run ContentReplace Behavior [ RunTime:0.000253s ]
INFO: Run TokenBuild Behavior [ RunTime:0.000190s ]
INFO: Run WriteHtmlCache Behavior [ RunTime:0.000155s ]
INFO: Run ShowRuntime Behavior [ RunTime:0.000279s ]
INFO: [ view_filter ] --END-- [ RunTime:0.001038s ]
INFO: [ view_end ] --START--
INFO: Run ShowPageTrace Behavior [ RunTime:0.000186s ]
INFO: [ view_end ] --END-- [ RunTime:0.000242s ]

[ 2013-07-17T22:19:39+08:00 ] ERR: (ThinkException) 无法加载模块:menu
[ 2013-07-17T22:20:06+08:00 ] 127.0.0.1 /webs/
INFO: [ app_begin ] --START--
INFO: Run ReadHtmlCache Behavior [ RunTime:0.000306s ]
INFO: [ app_begin ] --END-- [ RunTime:0.000380s ]
INFO: [ view_template ] --START--
INFO: Run LocationTemplate Behavior [ RunTime:0.000574s ]
INFO: [ view_template ] --END-- [ RunTime:0.000634s ]
INFO: [ view_parse ] --START--
NOTIC: [8] Undefined variable: list F:\Zend\Apache2\htdocs\webs\Home\Runtime\Cache\7e4848229090366086cc7eeb3bfc0798.php 第 55 行.
INFO: Run ParseTemplate Behavior [ RunTime:0.005919s ]
INFO: [ view_parse ] --END-- [ RunTime:0.006006s ]
INFO: [ view_filter ] --START--
INFO: Run ContentReplace Behavior [ RunTime:0.000312s ]
INFO: Run TokenBuild Behavior [ RunTime:0.000271s ]
INFO: Run WriteHtmlCache Behavior [ RunTime:0.000197s ]
INFO: Run ShowRuntime Behavior [ RunTime:0.000254s ]
INFO: [ view_filter ] --END-- [ RunTime:0.001174s ]
INFO: [ view_end ] --START--
INFO: Run ShowPageTrace Behavior [ RunTime:0.000231s ]
INFO: [ view_end ] --END-- [ RunTime:0.000278s ]

[ 2013-07-17T22:20:08+08:00 ] ERR: (ThinkException) 无法加载模块:menu
[ 2013-07-17T22:25:04+08:00 ] 127.0.0.1 /webs/
INFO: [ app_begin ] --START--
INFO: Run ReadHtmlCache Behavior [ RunTime:0.000503s ]
INFO: [ app_begin ] --END-- [ RunTime:0.000729s ]
INFO: [ view_template ] --START--
INFO: Run LocationTemplate Behavior [ RunTime:0.000608s ]
INFO: [ view_template ] --END-- [ RunTime:0.000678s ]
INFO: [ view_parse ] --START--
NOTIC: [8] Undefined variable: list F:\Zend\Apache2\htdocs\webs\Home\Runtime\Cache\7e4848229090366086cc7eeb3bfc0798.php 第 55 行.
INFO: Run ParseTemplate Behavior [ RunTime:0.006305s ]
INFO: [ view_parse ] --END-- [ RunTime:0.006384s ]
INFO: [ view_filter ] --START--
INFO: Run ContentReplace Behavior [ RunTime:0.000438s ]
INFO: Run TokenBuild Behavior [ RunTime:0.000264s ]
INFO: Run WriteHtmlCache Behavior [ RunTime:0.000209s ]
INFO: Run ShowRuntime Behavior [ RunTime:0.000321s ]
INFO: [ view_filter ] --END-- [ RunTime:0.001366s ]
INFO: [ view_end ] --START--
INFO: Run ShowPageTrace Behavior [ RunTime:0.000239s ]
INFO: [ view_end ] --END-- [ RunTime:0.000284s ]

[ 2013-07-17T22:30:40+08:00 ] 127.0.0.1 /webs/
INFO: [ app_begin ] --START--
INFO: Run ReadHtmlCache Behavior [ RunTime:0.000358s ]
INFO: [ app_begin ] --END-- [ RunTime:0.000445s ]
INFO: [ view_template ] --START--
INFO: Run LocationTemplate Behavior [ RunTime:0.000468s ]
INFO: [ view_template ] --END-- [ RunTime:0.000525s ]
INFO: [ view_parse ] --START--
NOTIC: [8] Undefined variable: list F:\Zend\Apache2\htdocs\webs\Home\Runtime\Cache\7e4848229090366086cc7eeb3bfc0798.php 第 25 行.
INFO: Run ParseTemplate Behavior [ RunTime:0.006089s ]
INFO: [ view_parse ] --END-- [ RunTime:0.006169s ]
INFO: [ view_filter ] --START--
INFO: Run ContentReplace Behavior [ RunTime:0.000332s ]
INFO: Run TokenBuild Behavior [ RunTime:0.000278s ]
INFO: Run WriteHtmlCache Behavior [ RunTime:0.000282s ]
INFO: Run ShowRuntime Behavior [ RunTime:0.000377s ]
INFO: [ view_filter ] --END-- [ RunTime:0.001407s ]
INFO: [ view_end ] --START--
INFO: Run ShowPageTrace Behavior [ RunTime:0.000251s ]
INFO: [ view_end ] --END-- [ RunTime:0.000298s ]

[ 2013-07-17T22:30:42+08:00 ] ERR: (ThinkException) 无法加载模块:main
[ 2013-07-17T22:30:53+08:00 ] 127.0.0.1 /webs/
INFO: [ app_begin ] --START--
INFO: Run ReadHtmlCache Behavior [ RunTime:0.000246s ]
INFO: [ app_begin ] --END-- [ RunTime:0.000339s ]
INFO: [ view_template ] --START--
INFO: Run LocationTemplate Behavior [ RunTime:0.000259s ]
INFO: [ view_template ] --END-- [ RunTime:0.000331s ]
INFO: [ view_parse ] --START--
NOTIC: [8] Undefined variable: list F:\Zend\Apache2\htdocs\webs\Home\Runtime\Cache\7e4848229090366086cc7eeb3bfc0798.php 第 25 行.
INFO: Run ParseTemplate Behavior [ RunTime:0.008126s ]
INFO: [ view_parse ] --END-- [ RunTime:0.008237s ]
INFO: [ view_filter ] --START--
INFO: Run ContentReplace Behavior [ RunTime:0.000271s ]
INFO: Run TokenBuild Behavior [ RunTime:0.000216s ]
INFO: Run WriteHtmlCache Behavior [ RunTime:0.000169s ]
INFO: Run ShowRuntime Behavior [ RunTime:0.000235s ]
INFO: [ view_filter ] --END-- [ RunTime:0.001065s ]
INFO: [ view_end ] --START--
INFO: Run ShowPageTrace Behavior [ RunTime:0.000143s ]
INFO: [ view_end ] --END-- [ RunTime:0.000186s ]

[ 2013-07-17T22:32:33+08:00 ] 127.0.0.1 /webs/
INFO: [ app_begin ] --START--
INFO: Run ReadHtmlCache Behavior [ RunTime:0.000261s ]
INFO: [ app_begin ] --END-- [ RunTime:0.000360s ]
INFO: [ view_template ] --START--
INFO: Run LocationTemplate Behavior [ RunTime:0.000659s ]
INFO: [ view_template ] --END-- [ RunTime:0.000737s ]
INFO: [ view_parse ] --START--
NOTIC: [8] Undefined variable: list F:\Zend\Apache2\htdocs\webs\Home\Runtime\Cache\7e4848229090366086cc7eeb3bfc0798.php 第 25 行.
INFO: Run ParseTemplate Behavior [ RunTime:0.007395s ]
INFO: [ view_parse ] --END-- [ RunTime:0.007487s ]
INFO: [ view_filter ] --START--
INFO: Run ContentReplace Behavior [ RunTime:0.000303s ]
INFO: Run TokenBuild Behavior [ RunTime:0.000240s ]
INFO: Run WriteHtmlCache Behavior [ RunTime:0.000205s ]
INFO: Run ShowRuntime Behavior [ RunTime:0.000265s ]
INFO: [ view_filter ] --END-- [ RunTime:0.001142s ]
INFO: [ view_end ] --START--
INFO: Run ShowPageTrace Behavior [ RunTime:0.000245s ]
INFO: [ view_end ] --END-- [ RunTime:0.000297s ]

[ 2013-07-17T22:33:22+08:00 ] 127.0.0.1 /webs/
INFO: [ app_begin ] --START--
INFO: Run ReadHtmlCache Behavior [ RunTime:0.000680s ]
INFO: [ app_begin ] --END-- [ RunTime:0.000875s ]
INFO: [ view_template ] --START--
INFO: Run LocationTemplate Behavior [ RunTime:0.000776s ]
INFO: [ view_template ] --END-- [ RunTime:0.000866s ]
INFO: [ view_parse ] --START--
NOTIC: [8] Undefined variable: list F:\Zend\Apache2\htdocs\webs\Home\Runtime\Cache\7e4848229090366086cc7eeb3bfc0798.php 第 25 行.
INFO: Run ParseTemplate Behavior [ RunTime:0.008735s ]
INFO: [ view_parse ] --END-- [ RunTime:0.008836s ]
INFO: [ view_filter ] --START--
INFO: Run ContentReplace Behavior [ RunTime:0.000312s ]
INFO: Run TokenBuild Behavior [ RunTime:0.000257s ]
INFO: Run WriteHtmlCache Behavior [ RunTime:0.000232s ]
INFO: Run ShowRuntime Behavior [ RunTime:0.000372s ]
INFO: [ view_filter ] --END-- [ RunTime:0.001326s ]
INFO: [ view_end ] --START--
INFO: Run ShowPageTrace Behavior [ RunTime:0.000373s ]
INFO: [ view_end ] --END-- [ RunTime:0.000450s ]

[ 2013-07-17T22:33:22+08:00 ] 127.0.0.1 /webs/
INFO: [ app_begin ] --START--
INFO: Run ReadHtmlCache Behavior [ RunTime:0.000684s ]
INFO: [ app_begin ] --END-- [ RunTime:0.000892s ]
INFO: [ view_template ] --START--
INFO: Run LocationTemplate Behavior [ RunTime:0.000157s ]
INFO: [ view_template ] --END-- [ RunTime:0.000208s ]
INFO: [ view_parse ] --START--
NOTIC: [8] Undefined variable: list F:\Zend\Apache2\htdocs\webs\Home\Runtime\Cache\7e4848229090366086cc7eeb3bfc0798.php 第 25 行.
INFO: Run ParseTemplate Behavior [ RunTime:0.003774s ]
INFO: [ view_parse ] --END-- [ RunTime:0.003854s ]
INFO: [ view_filter ] --START--
INFO: Run ContentReplace Behavior [ RunTime:0.000150s ]
INFO: Run TokenBuild Behavior [ RunTime:0.000120s ]
INFO: Run WriteHtmlCache Behavior [ RunTime:0.000091s ]
INFO: Run ShowRuntime Behavior [ RunTime:0.000147s ]
INFO: [ view_filter ] --END-- [ RunTime:0.000626s ]
INFO: [ view_end ] --START--
INFO: Run ShowPageTrace Behavior [ RunTime:0.000117s ]
INFO: [ view_end ] --END-- [ RunTime:0.000160s ]

[ 2013-07-17T22:33:23+08:00 ] ERR: (ThinkException) 无法加载模块:menu
[ 2013-07-17T22:33:24+08:00 ] ERR: (ThinkException) 无法加载模块:menu
[ 2013-07-17T22:33:27+08:00 ] ERR: (ThinkException) 无法加载模块:main
[ 2013-07-17T22:34:24+08:00 ] ERR: (ThinkException) 无法加载模块:main
[ 2013-07-17T22:34:25+08:00 ] 127.0.0.1 /webs/
INFO: [ app_begin ] --START--
INFO: Run ReadHtmlCache Behavior [ RunTime:0.000164s ]
INFO: [ app_begin ] --END-- [ RunTime:0.000333s ]
INFO: [ view_template ] --START--
INFO: Run LocationTemplate Behavior [ RunTime:0.000207s ]
INFO: [ view_template ] --END-- [ RunTime:0.000266s ]
INFO: [ view_parse ] --START--
NOTIC: [8] Undefined variable: list F:\Zend\Apache2\htdocs\webs\Home\Runtime\Cache\7e4848229090366086cc7eeb3bfc0798.php 第 25 行.
INFO: Run ParseTemplate Behavior [ RunTime:0.005319s ]
INFO: [ view_parse ] --END-- [ RunTime:0.005401s ]
INFO: [ view_filter ] --START--
INFO: Run ContentReplace Behavior [ RunTime:0.000234s ]
INFO: Run TokenBuild Behavior [ RunTime:0.000178s ]
INFO: Run WriteHtmlCache Behavior [ RunTime:0.000144s ]
INFO: Run ShowRuntime Behavior [ RunTime:0.000208s ]
INFO: [ view_filter ] --END-- [ RunTime:0.000909s ]
INFO: [ view_end ] --START--
INFO: Run ShowPageTrace Behavior [ RunTime:0.000174s ]
INFO: [ view_end ] --END-- [ RunTime:0.000222s ]

[ 2013-07-17T22:34:26+08:00 ] 127.0.0.1 /webs/
INFO: [ app_begin ] --START--
INFO: Run ReadHtmlCache Behavior [ RunTime:0.000221s ]
INFO: [ app_begin ] --END-- [ RunTime:0.000318s ]
INFO: [ view_template ] --START--
INFO: Run LocationTemplate Behavior [ RunTime:0.000161s ]
INFO: [ view_template ] --END-- [ RunTime:0.000210s ]
INFO: [ view_parse ] --START--
NOTIC: [8] Undefined variable: list F:\Zend\Apache2\htdocs\webs\Home\Runtime\Cache\7e4848229090366086cc7eeb3bfc0798.php 第 25 行.
INFO: Run ParseTemplate Behavior [ RunTime:0.003859s ]
INFO: [ view_parse ] --END-- [ RunTime:0.003943s ]
INFO: [ view_filter ] --START--
INFO: Run ContentReplace Behavior [ RunTime:0.000176s ]
INFO: Run TokenBuild Behavior [ RunTime:0.000124s ]
INFO: Run WriteHtmlCache Behavior [ RunTime:0.000092s ]
INFO: Run ShowRuntime Behavior [ RunTime:0.000155s ]
INFO: [ view_filter ] --END-- [ RunTime:0.000669s ]
INFO: [ view_end ] --START--
INFO: Run ShowPageTrace Behavior [ RunTime:0.000324s ]
INFO: [ view_end ] --END-- [ RunTime:0.000373s ]

[ 2013-07-17T22:34:26+08:00 ] 127.0.0.1 /webs/
INFO: [ app_begin ] --START--
INFO: Run ReadHtmlCache Behavior [ RunTime:0.000214s ]
INFO: [ app_begin ] --END-- [ RunTime:0.000305s ]
INFO: [ view_template ] --START--
INFO: Run LocationTemplate Behavior [ RunTime:0.000236s ]
INFO: [ view_template ] --END-- [ RunTime:0.000312s ]
INFO: [ view_parse ] --START--
NOTIC: [8] Undefined variable: list F:\Zend\Apache2\htdocs\webs\Home\Runtime\Cache\7e4848229090366086cc7eeb3bfc0798.php 第 25 行.
INFO: Run ParseTemplate Behavior [ RunTime:0.005768s ]
INFO: [ view_parse ] --END-- [ RunTime:0.005875s ]
INFO: [ view_filter ] --START--
INFO: Run ContentReplace Behavior [ RunTime:0.000235s ]
INFO: Run TokenBuild Behavior [ RunTime:0.000195s ]
INFO: Run WriteHtmlCache Behavior [ RunTime:0.000142s ]
INFO: Run ShowRuntime Behavior [ RunTime:0.000231s ]
INFO: [ view_filter ] --END-- [ RunTime:0.001001s ]
INFO: [ view_end ] --START--
INFO: Run ShowPageTrace Behavior [ RunTime:0.000184s ]
INFO: [ view_end ] --END-- [ RunTime:0.000256s ]

[ 2013-07-17T22:34:27+08:00 ] ERR: (ThinkException) 无法加载模块:main
[ 2013-07-17T22:37:45+08:00 ] 127.0.0.1 /webs/
INFO: [ app_begin ] --START--
INFO: Run ReadHtmlCache Behavior [ RunTime:0.000317s ]
INFO: [ app_begin ] --END-- [ RunTime:0.000393s ]
INFO: [ view_template ] --START--
INFO: Run LocationTemplate Behavior [ RunTime:0.000526s ]
INFO: [ view_template ] --END-- [ RunTime:0.000586s ]
INFO: [ view_parse ] --START--
NOTIC: [8] Undefined variable: list F:\Zend\Apache2\htdocs\webs\Home\Runtime\Cache\7e4848229090366086cc7eeb3bfc0798.php 第 25 行.
INFO: Run ParseTemplate Behavior [ RunTime:0.005220s ]
INFO: [ view_parse ] --END-- [ RunTime:0.005299s ]
INFO: [ view_filter ] --START--
INFO: Run ContentReplace Behavior [ RunTime:0.000476s ]
INFO: Run TokenBuild Behavior [ RunTime:0.000246s ]
INFO: Run WriteHtmlCache Behavior [ RunTime:0.000209s ]
INFO: Run ShowRuntime Behavior [ RunTime:0.000276s ]
INFO: [ view_filter ] --END-- [ RunTime:0.001343s ]
INFO: [ view_end ] --START--
INFO: Run ShowPageTrace Behavior [ RunTime:0.000305s ]
INFO: [ view_end ] --END-- [ RunTime:0.000353s ]

[ 2013-07-17T22:37:47+08:00 ] ERR: (ThinkException) 无法加载模块:main
[ 2013-07-17T22:39:23+08:00 ] 127.0.0.1 /webs/
INFO: [ app_begin ] --START--
INFO: Run ReadHtmlCache Behavior [ RunTime:0.000449s ]
INFO: [ app_begin ] --END-- [ RunTime:0.000543s ]
INFO: [ view_template ] --START--
INFO: Run LocationTemplate Behavior [ RunTime:0.000513s ]
INFO: [ view_template ] --END-- [ RunTime:0.000577s ]
INFO: [ view_parse ] --START--
NOTIC: [8] Undefined variable: list F:\Zend\Apache2\htdocs\webs\Home\Runtime\Cache\7e4848229090366086cc7eeb3bfc0798.php 第 25 行.
INFO: Run ParseTemplate Behavior [ RunTime:0.006579s ]
INFO: [ view_parse ] --END-- [ RunTime:0.006666s ]
INFO: [ view_filter ] --START--
INFO: Run ContentReplace Behavior [ RunTime:0.000351s ]
INFO: Run TokenBuild Behavior [ RunTime:0.000284s ]
INFO: Run WriteHtmlCache Behavior [ RunTime:0.000241s ]
INFO: Run ShowRuntime Behavior [ RunTime:0.000311s ]
INFO: [ view_filter ] --END-- [ RunTime:0.001336s ]
INFO: [ view_end ] --START--
INFO: Run ShowPageTrace Behavior [ RunTime:0.000292s ]
INFO: [ view_end ] --END-- [ RunTime:0.000344s ]

[ 2013-07-17T22:39:24+08:00 ] ERR: (ThinkException) 无法加载模块:main
[ 2013-07-17T22:41:26+08:00 ] 127.0.0.1 /webs/
INFO: [ app_begin ] --START--
INFO: Run ReadHtmlCache Behavior [ RunTime:0.000620s ]
INFO: [ app_begin ] --END-- [ RunTime:0.000776s ]
INFO: [ view_template ] --START--
INFO: Run LocationTemplate Behavior [ RunTime:0.000749s ]
INFO: [ view_template ] --END-- [ RunTime:0.000852s ]
INFO: [ view_parse ] --START--
NOTIC: [8] Undefined variable: list F:\Zend\Apache2\htdocs\webs\Home\Runtime\Cache\7e4848229090366086cc7eeb3bfc0798.php 第 25 行.
INFO: Run ParseTemplate Behavior [ RunTime:0.006995s ]
INFO: [ view_parse ] --END-- [ RunTime:0.007096s ]
INFO: [ view_filter ] --START--
INFO: Run ContentReplace Behavior [ RunTime:0.000311s ]
INFO: Run TokenBuild Behavior [ RunTime:0.000268s ]
INFO: Run WriteHtmlCache Behavior [ RunTime:0.000243s ]
INFO: Run ShowRuntime Behavior [ RunTime:0.000274s ]
INFO: [ view_filter ] --END-- [ RunTime:0.001229s ]
INFO: [ view_end ] --START--
INFO: Run ShowPageTrace Behavior [ RunTime:0.000245s ]
INFO: [ view_end ] --END-- [ RunTime:0.000290s ]

[ 2013-07-17T22:41:27+08:00 ] ERR: (ThinkException) 非法操作:menu
[ 2013-07-17T22:42:21+08:00 ] 127.0.0.1 /webs/
INFO: [ app_begin ] --START--
INFO: Run ReadHtmlCache Behavior [ RunTime:0.000188s ]
INFO: [ app_begin ] --END-- [ RunTime:0.000281s ]
INFO: [ view_template ] --START--
INFO: Run LocationTemplate Behavior [ RunTime:0.000499s ]
INFO: [ view_template ] --END-- [ RunTime:0.000611s ]
INFO: [ view_parse ] --START--
NOTIC: [8] Undefined variable: list F:\Zend\Apache2\htdocs\webs\Home\Runtime\Cache\7e4848229090366086cc7eeb3bfc0798.php 第 25 行.
INFO: Run ParseTemplate Behavior [ RunTime:0.005477s ]
INFO: [ view_parse ] --END-- [ RunTime:0.005561s ]
INFO: [ view_filter ] --START--
INFO: Run ContentReplace Behavior [ RunTime:0.000324s ]
INFO: Run TokenBuild Behavior [ RunTime:0.000239s ]
INFO: Run WriteHtmlCache Behavior [ RunTime:0.000264s ]
INFO: Run ShowRuntime Behavior [ RunTime:0.000263s ]
INFO: [ view_filter ] --END-- [ RunTime:0.001219s ]
INFO: [ view_end ] --START--
INFO: Run ShowPageTrace Behavior [ RunTime:0.000234s ]
INFO: [ view_end ] --END-- [ RunTime:0.000279s ]

[ 2013-07-17T22:42:22+08:00 ] 127.0.0.1 /webs/index.php/menu/login
INFO: [ route_check ] --START--
INFO: Run CheckRoute Behavior [ RunTime:0.000290s ]
INFO: [ route_check ] --END-- [ RunTime:0.000379s ]
INFO: [ app_begin ] --START--
INFO: Run ReadHtmlCache Behavior [ RunTime:0.000156s ]
INFO: [ app_begin ] --END-- [ RunTime:0.000208s ]
INFO: [ view_template ] --START--
INFO: Run LocationTemplate Behavior [ RunTime:0.000159s ]
INFO: [ view_template ] --END-- [ RunTime:0.000213s ]
INFO: [ view_parse ] --START--
NOTIC: [8] Undefined variable: vo F:\Zend\Apache2\htdocs\webs\Home\Runtime\Cache\63aa34261d5daa1f59b30f8ce87d930f.php 第 17 行.
NOTIC: [8] Undefined variable: vo F:\Zend\Apache2\htdocs\webs\Home\Runtime\Cache\63aa34261d5daa1f59b30f8ce87d930f.php 第 19 行.
NOTIC: [8] Undefined variable: vo F:\Zend\Apache2\htdocs\webs\Home\Runtime\Cache\63aa34261d5daa1f59b30f8ce87d930f.php 第 21 行.
INFO: Run ParseTemplate Behavior [ RunTime:0.023103s ]
INFO: [ view_parse ] --END-- [ RunTime:0.023191s ]
INFO: [ view_filter ] --START--
INFO: Run ContentReplace Behavior [ RunTime:0.000194s ]
INFO: Run TokenBuild Behavior [ RunTime:0.000135s ]
INFO: Run WriteHtmlCache Behavior [ RunTime:0.000104s ]
INFO: Run ShowRuntime Behavior [ RunTime:0.000172s ]
INFO: [ view_filter ] --END-- [ RunTime:0.000740s ]
INFO: [ view_end ] --START--
INFO: Run ShowPageTrace Behavior [ RunTime:0.000135s ]
INFO: [ view_end ] --END-- [ RunTime:0.000181s ]

[ 2013-07-17T22:43:15+08:00 ] 127.0.0.1 /webs/
INFO: [ app_begin ] --START--
INFO: Run ReadHtmlCache Behavior [ RunTime:0.000295s ]
INFO: [ app_begin ] --END-- [ RunTime:0.000402s ]
INFO: [ view_template ] --START--
INFO: Run LocationTemplate Behavior [ RunTime:0.000283s ]
INFO: [ view_template ] --END-- [ RunTime:0.000367s ]
INFO: [ view_parse ] --START--
NOTIC: [8] Undefined variable: list F:\Zend\Apache2\htdocs\webs\Home\Runtime\Cache\7e4848229090366086cc7eeb3bfc0798.php 第 25 行.
INFO: Run ParseTemplate Behavior [ RunTime:0.007005s ]
INFO: [ view_parse ] --END-- [ RunTime:0.007104s ]
INFO: [ view_filter ] --START--
INFO: Run ContentReplace Behavior [ RunTime:0.000278s ]
INFO: Run TokenBuild Behavior [ RunTime:0.000165s ]
INFO: Run WriteHtmlCache Behavior [ RunTime:0.000133s ]
INFO: Run ShowRuntime Behavior [ RunTime:0.000191s ]
INFO: [ view_filter ] --END-- [ RunTime:0.000893s ]
INFO: [ view_end ] --START--
INFO: Run ShowPageTrace Behavior [ RunTime:0.000210s ]
INFO: [ view_end ] --END-- [ RunTime:0.000254s ]

[ 2013-07-17T22:43:16+08:00 ] 127.0.0.1 /webs/index.php/main/main
INFO: [ route_check ] --START--
INFO: Run CheckRoute Behavior [ RunTime:0.000187s ]
INFO: [ route_check ] --END-- [ RunTime:0.000271s ]
INFO: [ app_begin ] --START--
INFO: Run ReadHtmlCache Behavior [ RunTime:0.000168s ]
INFO: [ app_begin ] --END-- [ RunTime:0.000229s ]
INFO: [ view_template ] --START--
INFO: Run LocationTemplate Behavior [ RunTime:0.000169s ]
INFO: [ view_template ] --END-- [ RunTime:0.000231s ]
INFO: [ view_parse ] --START--
INFO: Run ParseTemplate Behavior [ RunTime:0.003037s ]
INFO: [ view_parse ] --END-- [ RunTime:0.003130s ]
INFO: [ view_filter ] --START--
INFO: Run ContentReplace Behavior [ RunTime:0.000205s ]
INFO: Run TokenBuild Behavior [ RunTime:0.000134s ]
INFO: Run WriteHtmlCache Behavior [ RunTime:0.000098s ]
INFO: Run ShowRuntime Behavior [ RunTime:0.000167s ]
INFO: [ view_filter ] --END-- [ RunTime:0.000740s ]
INFO: [ view_end ] --START--
INFO: Run ShowPageTrace Behavior [ RunTime:0.000132s ]
INFO: [ view_end ] --END-- [ RunTime:0.000177s ]

[ 2013-07-17T22:46:13+08:00 ] 127.0.0.1 /webs/
INFO: [ app_begin ] --START--
INFO: Run ReadHtmlCache Behavior [ RunTime:0.000546s ]
INFO: [ app_begin ] --END-- [ RunTime:0.000671s ]
INFO: [ view_template ] --START--
INFO: Run LocationTemplate Behavior [ RunTime:0.000535s ]
INFO: [ view_template ] --END-- [ RunTime:0.000608s ]
INFO: [ view_parse ] --START--
NOTIC: [8] Undefined variable: list F:\Zend\Apache2\htdocs\webs\Home\Runtime\Cache\7e4848229090366086cc7eeb3bfc0798.php 第 25 行.
INFO: Run ParseTemplate Behavior [ RunTime:0.006344s ]
INFO: [ view_parse ] --END-- [ RunTime:0.006437s ]
INFO: [ view_filter ] --START--
INFO: Run ContentReplace Behavior [ RunTime:0.000346s ]
INFO: Run TokenBuild Behavior [ RunTime:0.000286s ]
INFO: Run WriteHtmlCache Behavior [ RunTime:0.000249s ]
INFO: Run ShowRuntime Behavior [ RunTime:0.000327s ]
INFO: [ view_filter ] --END-- [ RunTime:0.001367s ]
INFO: [ view_end ] --START--
INFO: Run ShowPageTrace Behavior [ RunTime:0.000282s ]
INFO: [ view_end ] --END-- [ RunTime:0.000338s ]

[ 2013-07-17T22:46:13+08:00 ] ERR: (ThinkException) 非法操作:Public
[ 2013-07-17T22:46:15+08:00 ] 127.0.0.1 /webs/index.php/main/main
INFO: [ route_check ] --START--
INFO: Run CheckRoute Behavior [ RunTime:0.000513s ]
INFO: [ route_check ] --END-- [ RunTime:0.000663s ]
INFO: [ app_begin ] --START--
INFO: Run ReadHtmlCache Behavior [ RunTime:0.000335s ]
INFO: [ app_begin ] --END-- [ RunTime:0.000454s ]
INFO: [ view_template ] --START--
INFO: Run LocationTemplate Behavior [ RunTime:0.000364s ]
INFO: [ view_template ] --END-- [ RunTime:0.000498s ]
INFO: [ view_parse ] --START--
INFO: Run ParseTemplate Behavior [ RunTime:0.005855s ]
INFO: [ view_parse ] --END-- [ RunTime:0.006044s ]
INFO: [ view_filter ] --START--
INFO: Run ContentReplace Behavior [ RunTime:0.000328s ]
INFO: Run TokenBuild Behavior [ RunTime:0.000265s ]
INFO: Run WriteHtmlCache Behavior [ RunTime:0.000105s ]
INFO: Run ShowRuntime Behavior [ RunTime:0.000172s ]
INFO: [ view_filter ] --END-- [ RunTime:0.001072s ]
INFO: [ view_end ] --START--
INFO: Run ShowPageTrace Behavior [ RunTime:0.000139s ]
INFO: [ view_end ] --END-- [ RunTime:0.000188s ]

[ 2013-07-17T22:46:21+08:00 ] ERR: (ThinkException) 非法操作:Public
[ 2013-07-17T22:47:00+08:00 ] 127.0.0.1 /webs/
INFO: [ app_begin ] --START--
INFO: Run ReadHtmlCache Behavior [ RunTime:0.000360s ]
INFO: [ app_begin ] --END-- [ RunTime:0.000482s ]
INFO: [ view_template ] --START--
INFO: Run LocationTemplate Behavior [ RunTime:0.002903s ]
INFO: [ view_template ] --END-- [ RunTime:0.003034s ]
INFO: [ view_parse ] --START--
NOTIC: [8] Undefined variable: list F:\Zend\Apache2\htdocs\webs\Home\Runtime\Cache\7e4848229090366086cc7eeb3bfc0798.php 第 25 行.
INFO: Run ParseTemplate Behavior [ RunTime:0.007510s ]
INFO: [ view_parse ] --END-- [ RunTime:0.007691s ]
INFO: [ view_filter ] --START--
INFO: Run ContentReplace Behavior [ RunTime:0.000481s ]
INFO: Run TokenBuild Behavior [ RunTime:0.000357s ]
INFO: Run WriteHtmlCache Behavior [ RunTime:0.000393s ]
INFO: Run ShowRuntime Behavior [ RunTime:0.000396s ]
INFO: [ view_filter ] --END-- [ RunTime:0.001824s ]
INFO: [ view_end ] --START--
INFO: Run ShowPageTrace Behavior [ RunTime:0.000407s ]
INFO: [ view_end ] --END-- [ RunTime:0.001518s ]

[ 2013-07-17T22:50:41+08:00 ] 127.0.0.1 /webs/
INFO: [ app_begin ] --START--
INFO: Run ReadHtmlCache Behavior [ RunTime:0.000516s ]
INFO: [ app_begin ] --END-- [ RunTime:0.000641s ]
INFO: [ view_template ] --START--
INFO: Run LocationTemplate Behavior [ RunTime:0.000741s ]
INFO: [ view_template ] --END-- [ RunTime:0.000836s ]
INFO: [ view_parse ] --START--
NOTIC: [8] Undefined variable: list F:\Zend\Apache2\htdocs\webs\Home\Runtime\Cache\7e4848229090366086cc7eeb3bfc0798.php 第 25 行.
INFO: Run ParseTemplate Behavior [ RunTime:0.007322s ]
INFO: [ view_parse ] --END-- [ RunTime:0.007420s ]
INFO: [ view_filter ] --START--
INFO: Run ContentReplace Behavior [ RunTime:0.000375s ]
INFO: Run TokenBuild Behavior [ RunTime:0.000263s ]
INFO: Run WriteHtmlCache Behavior [ RunTime:0.000260s ]
INFO: Run ShowRuntime Behavior [ RunTime:0.000282s ]
INFO: [ view_filter ] --END-- [ RunTime:0.001327s ]
INFO: [ view_end ] --START--
INFO: Run ShowPageTrace Behavior [ RunTime:0.000237s ]
INFO: [ view_end ] --END-- [ RunTime:0.000283s ]

[ 2013-07-17T22:50:58+08:00 ] 127.0.0.1 /webs/
INFO: [ app_begin ] --START--
INFO: Run ReadHtmlCache Behavior [ RunTime:0.000721s ]
INFO: [ app_begin ] --END-- [ RunTime:0.000897s ]
INFO: [ view_template ] --START--
INFO: Run LocationTemplate Behavior [ RunTime:0.000918s ]
INFO: [ view_template ] --END-- [ RunTime:0.001040s ]
INFO: [ view_parse ] --START--
NOTIC: [8] Undefined variable: list F:\Zend\Apache2\htdocs\webs\Home\Runtime\Cache\7e4848229090366086cc7eeb3bfc0798.php 第 25 行.
INFO: Run ParseTemplate Behavior [ RunTime:0.005431s ]
INFO: [ view_parse ] --END-- [ RunTime:0.005541s ]
INFO: [ view_filter ] --START--
INFO: Run ContentReplace Behavior [ RunTime:0.000335s ]
INFO: Run TokenBuild Behavior [ RunTime:0.000231s ]
INFO: Run WriteHtmlCache Behavior [ RunTime:0.000194s ]
INFO: Run ShowRuntime Behavior [ RunTime:0.000258s ]
INFO: [ view_filter ] --END-- [ RunTime:0.001151s ]
INFO: [ view_end ] --START--
INFO: Run ShowPageTrace Behavior [ RunTime:0.000224s ]
INFO: [ view_end ] --END-- [ RunTime:0.000268s ]

[ 2013-07-17T22:51:11+08:00 ] 127.0.0.1 /webs/
INFO: [ app_begin ] --START--
INFO: Run ReadHtmlCache Behavior [ RunTime:0.000196s ]
INFO: [ app_begin ] --END-- [ RunTime:0.000292s ]
INFO: [ view_template ] --START--
INFO: Run LocationTemplate Behavior [ RunTime:0.000180s ]
INFO: [ view_template ] --END-- [ RunTime:0.000309s ]
INFO: [ view_parse ] --START--
NOTIC: [8] Undefined variable: list F:\Zend\Apache2\htdocs\webs\Home\Runtime\Cache\7e4848229090366086cc7eeb3bfc0798.php 第 25 行.
INFO: Run ParseTemplate Behavior [ RunTime:0.004564s ]
INFO: [ view_parse ] --END-- [ RunTime:0.004644s ]
INFO: [ view_filter ] --START--
INFO: Run ContentReplace Behavior [ RunTime:0.000195s ]
INFO: Run TokenBuild Behavior [ RunTime:0.000145s ]
INFO: Run WriteHtmlCache Behavior [ RunTime:0.000115s ]
INFO: Run ShowRuntime Behavior [ RunTime:0.000171s ]
INFO: [ view_filter ] --END-- [ RunTime:0.000749s ]
INFO: [ view_end ] --START--
INFO: Run ShowPageTrace Behavior [ RunTime:0.000139s ]
INFO: [ view_end ] --END-- [ RunTime:0.000182s ]

[ 2013-07-17T22:52:21+08:00 ] 127.0.0.1 /webs/
INFO: [ app_begin ] --START--
INFO: Run ReadHtmlCache Behavior [ RunTime:0.000310s ]
INFO: [ app_begin ] --END-- [ RunTime:0.000417s ]
INFO: [ view_template ] --START--
INFO: Run LocationTemplate Behavior [ RunTime:0.000297s ]
INFO: [ view_template ] --END-- [ RunTime:0.000387s ]
INFO: [ view_parse ] --START--
NOTIC: [8] Undefined variable: list F:\Zend\Apache2\htdocs\webs\Home\Runtime\Cache\7e4848229090366086cc7eeb3bfc0798.php 第 25 行.
INFO: Run ParseTemplate Behavior [ RunTime:0.010676s ]
INFO: [ view_parse ] --END-- [ RunTime:0.010796s ]
INFO: [ view_filter ] --START--
INFO: Run ContentReplace Behavior [ RunTime:0.000343s ]
INFO: Run TokenBuild Behavior [ RunTime:0.000280s ]
INFO: Run WriteHtmlCache Behavior [ RunTime:0.000243s ]
INFO: Run ShowRuntime Behavior [ RunTime:0.000307s ]
INFO: [ view_filter ] --END-- [ RunTime:0.001385s ]
INFO: [ view_end ] --START--
INFO: Run ShowPageTrace Behavior [ RunTime:0.000256s ]
INFO: [ view_end ] --END-- [ RunTime:0.000328s ]

[ 2013-07-17T22:52:36+08:00 ] 127.0.0.1 /webs/
INFO: [ app_begin ] --START--
INFO: Run ReadHtmlCache Behavior [ RunTime:0.000319s ]
INFO: [ app_begin ] --END-- [ RunTime:0.000429s ]
INFO: [ view_template ] --START--
INFO: Run LocationTemplate Behavior [ RunTime:0.000319s ]
INFO: [ view_template ] --END-- [ RunTime:0.000417s ]
INFO: [ view_parse ] --START--
NOTIC: [8] Undefined variable: list F:\Zend\Apache2\htdocs\webs\Home\Runtime\Cache\7e4848229090366086cc7eeb3bfc0798.php 第 25 行.
INFO: Run ParseTemplate Behavior [ RunTime:0.006829s ]
INFO: [ view_parse ] --END-- [ RunTime:0.006948s ]
INFO: [ view_filter ] --START--
INFO: Run ContentReplace Behavior [ RunTime:0.000289s ]
INFO: Run TokenBuild Behavior [ RunTime:0.000182s ]
INFO: Run WriteHtmlCache Behavior [ RunTime:0.000132s ]
INFO: Run ShowRuntime Behavior [ RunTime:0.000192s ]
INFO: [ view_filter ] --END-- [ RunTime:0.000928s ]
INFO: [ view_end ] --START--
INFO: Run ShowPageTrace Behavior [ RunTime:0.000162s ]
INFO: [ view_end ] --END-- [ RunTime:0.000208s ]

[ 2013-07-17T22:52:47+08:00 ] 127.0.0.1 /webs/
INFO: [ app_begin ] --START--
INFO: Run ReadHtmlCache Behavior [ RunTime:0.000236s ]
INFO: [ app_begin ] --END-- [ RunTime:0.000334s ]
INFO: [ view_template ] --START--
INFO: Run LocationTemplate Behavior [ RunTime:0.000247s ]
INFO: [ view_template ] --END-- [ RunTime:0.000318s ]
INFO: [ view_parse ] --START--
NOTIC: [8] Undefined variable: list F:\Zend\Apache2\htdocs\webs\Home\Runtime\Cache\7e4848229090366086cc7eeb3bfc0798.php 第 25 行.
INFO: Run ParseTemplate Behavior [ RunTime:0.005791s ]
INFO: [ view_parse ] --END-- [ RunTime:0.005892s ]
INFO: [ view_filter ] --START--
INFO: Run ContentReplace Behavior [ RunTime:0.000250s ]
INFO: Run TokenBuild Behavior [ RunTime:0.000203s ]
INFO: Run WriteHtmlCache Behavior [ RunTime:0.000156s ]
INFO: Run ShowRuntime Behavior [ RunTime:0.000241s ]
INFO: [ view_filter ] --END-- [ RunTime:0.001025s ]
INFO: [ view_end ] --START--
INFO: Run ShowPageTrace Behavior [ RunTime:0.000194s ]
INFO: [ view_end ] --END-- [ RunTime:0.000256s ]

[ 2013-07-17T22:53:25+08:00 ] 127.0.0.1 /webs/
INFO: [ app_begin ] --START--
INFO: Run ReadHtmlCache Behavior [ RunTime:0.000319s ]
INFO: [ app_begin ] --END-- [ RunTime:0.000394s ]
INFO: [ view_template ] --START--
INFO: Run LocationTemplate Behavior [ RunTime:0.000452s ]
INFO: [ view_template ] --END-- [ RunTime:0.000506s ]
INFO: [ view_parse ] --START--
NOTIC: [8] Undefined variable: list F:\Zend\Apache2\htdocs\webs\Home\Runtime\Cache\7e4848229090366086cc7eeb3bfc0798.php 第 25 行.
INFO: Run ParseTemplate Behavior [ RunTime:0.005755s ]
INFO: [ view_parse ] --END-- [ RunTime:0.005863s ]
INFO: [ view_filter ] --START--
INFO: Run ContentReplace Behavior [ RunTime:0.000436s ]
INFO: Run TokenBuild Behavior [ RunTime:0.000339s ]
INFO: Run WriteHtmlCache Behavior [ RunTime:0.000291s ]
INFO: Run ShowRuntime Behavior [ RunTime:0.000353s ]
INFO: [ view_filter ] --END-- [ RunTime:0.001611s ]
INFO: [ view_end ] --START--
INFO: Run ShowPageTrace Behavior [ RunTime:0.000262s ]
INFO: [ view_end ] --END-- [ RunTime:0.000311s ]

[ 2013-07-17T22:53:29+08:00 ] 127.0.0.1 /webs/index.php/main/main
INFO: [ route_check ] --START--
INFO: Run CheckRoute Behavior [ RunTime:0.000360s ]
INFO: [ route_check ] --END-- [ RunTime:0.000440s ]
INFO: [ app_begin ] --START--
INFO: Run ReadHtmlCache Behavior [ RunTime:0.000254s ]
INFO: [ app_begin ] --END-- [ RunTime:0.000310s ]
INFO: [ view_template ] --START--
INFO: Run LocationTemplate Behavior [ RunTime:0.000476s ]
INFO: [ view_template ] --END-- [ RunTime:0.000552s ]
INFO: [ view_parse ] --START--
INFO: Run ParseTemplate Behavior [ RunTime:0.003967s ]
INFO: [ view_parse ] --END-- [ RunTime:0.004072s ]
INFO: [ view_filter ] --START--
INFO: Run ContentReplace Behavior [ RunTime:0.000279s ]
INFO: Run TokenBuild Behavior [ RunTime:0.000246s ]
INFO: Run WriteHtmlCache Behavior [ RunTime:0.000211s ]
INFO: Run ShowRuntime Behavior [ RunTime:0.000274s ]
INFO: [ view_filter ] --END-- [ RunTime:0.001150s ]
INFO: [ view_end ] --START--
INFO: Run ShowPageTrace Behavior [ RunTime:0.000249s ]
INFO: [ view_end ] --END-- [ RunTime:0.000297s ]

[ 2013-07-17T22:54:36+08:00 ] 127.0.0.1 /webs/
INFO: [ app_begin ] --START--
INFO: Run ReadHtmlCache Behavior [ RunTime:0.000220s ]
INFO: [ app_begin ] --END-- [ RunTime:0.000301s ]
INFO: [ view_template ] --START--
INFO: Run LocationTemplate Behavior [ RunTime:0.000206s ]
INFO: [ view_template ] --END-- [ RunTime:0.000264s ]
INFO: [ view_parse ] --START--
NOTIC: [8] Undefined variable: list F:\Zend\Apache2\htdocs\webs\Home\Runtime\Cache\7e4848229090366086cc7eeb3bfc0798.php 第 21 行.
INFO: Run ParseTemplate Behavior [ RunTime:0.004823s ]
INFO: [ view_parse ] --END-- [ RunTime:0.004907s ]
INFO: [ view_filter ] --START--
INFO: Run ContentReplace Behavior [ RunTime:0.000245s ]
INFO: Run TokenBuild Behavior [ RunTime:0.000171s ]
INFO: Run WriteHtmlCache Behavior [ RunTime:0.000134s ]
INFO: Run ShowRuntime Behavior [ RunTime:0.000214s ]
INFO: [ view_filter ] --END-- [ RunTime:0.000891s ]
INFO: [ view_end ] --START--
INFO: Run ShowPageTrace Behavior [ RunTime:0.000175s ]
INFO: [ view_end ] --END-- [ RunTime:0.000220s ]

[ 2013-07-17T22:54:44+08:00 ] 127.0.0.1 /webs/index.php/main/main
INFO: [ route_check ] --START--
INFO: Run CheckRoute Behavior [ RunTime:0.000250s ]
INFO: [ route_check ] --END-- [ RunTime:0.000361s ]
INFO: [ app_begin ] --START--
INFO: Run ReadHtmlCache Behavior [ RunTime:0.000250s ]
INFO: [ app_begin ] --END-- [ RunTime:0.000329s ]
INFO: [ view_template ] --START--
INFO: Run LocationTemplate Behavior [ RunTime:0.000273s ]
INFO: [ view_template ] --END-- [ RunTime:0.000357s ]
INFO: [ view_parse ] --START--
INFO: Run ParseTemplate Behavior [ RunTime:0.004508s ]
INFO: [ view_parse ] --END-- [ RunTime:0.004679s ]
INFO: [ view_filter ] --START--
INFO: Run ContentReplace Behavior [ RunTime:0.000427s ]
INFO: Run TokenBuild Behavior [ RunTime:0.000255s ]
INFO: Run WriteHtmlCache Behavior [ RunTime:0.000184s ]
INFO: Run ShowRuntime Behavior [ RunTime:0.000289s ]
INFO: [ view_filter ] --END-- [ RunTime:0.001368s ]
INFO: [ view_end ] --START--
INFO: Run ShowPageTrace Behavior [ RunTime:0.000238s ]
INFO: [ view_end ] --END-- [ RunTime:0.000308s ]

[ 2013-07-17T22:55:07+08:00 ] 127.0.0.1 /webs/index.php/main/main
INFO: [ route_check ] --START--
INFO: Run CheckRoute Behavior [ RunTime:0.000610s ]
INFO: [ route_check ] --END-- [ RunTime:0.000818s ]
INFO: [ app_begin ] --START--
INFO: Run ReadHtmlCache Behavior [ RunTime:0.000288s ]
INFO: [ app_begin ] --END-- [ RunTime:0.000449s ]
INFO: [ view_template ] --START--
INFO: Run LocationTemplate Behavior [ RunTime:0.000174s ]
INFO: [ view_template ] --END-- [ RunTime:0.000224s ]
INFO: [ view_parse ] --START--
INFO: Run ParseTemplate Behavior [ RunTime:0.002858s ]
INFO: [ view_parse ] --END-- [ RunTime:0.002948s ]
INFO: [ view_filter ] --START--
INFO: Run ContentReplace Behavior [ RunTime:0.000173s ]
INFO: Run TokenBuild Behavior [ RunTime:0.000142s ]
INFO: Run WriteHtmlCache Behavior [ RunTime:0.000112s ]
INFO: Run ShowRuntime Behavior [ RunTime:0.000171s ]
INFO: [ view_filter ] --END-- [ RunTime:0.000721s ]
INFO: [ view_end ] --START--
INFO: Run ShowPageTrace Behavior [ RunTime:0.000143s ]
INFO: [ view_end ] --END-- [ RunTime:0.000186s ]

[ 2013-07-17T22:56:18+08:00 ] 127.0.0.1 /webs/index.php/main/main
INFO: [ route_check ] --START--
INFO: Run CheckRoute Behavior [ RunTime:0.000295s ]
INFO: [ route_check ] --END-- [ RunTime:0.000397s ]
INFO: [ app_begin ] --START--
INFO: Run ReadHtmlCache Behavior [ RunTime:0.000482s ]
INFO: [ app_begin ] --END-- [ RunTime:0.000564s ]
INFO: [ view_template ] --START--
INFO: Run LocationTemplate Behavior [ RunTime:0.000401s ]
INFO: [ view_template ] --END-- [ RunTime:0.000483s ]
INFO: [ view_parse ] --START--
INFO: Run ParseTemplate Behavior [ RunTime:0.005296s ]
INFO: [ view_parse ] --END-- [ RunTime:0.005428s ]
INFO: [ view_filter ] --START--
INFO: Run ContentReplace Behavior [ RunTime:0.000418s ]
INFO: Run TokenBuild Behavior [ RunTime:0.000523s ]
INFO: Run WriteHtmlCache Behavior [ RunTime:0.000325s ]
INFO: Run ShowRuntime Behavior [ RunTime:0.000427s ]
INFO: [ view_filter ] --END-- [ RunTime:0.001913s ]
INFO: [ view_end ] --START--
INFO: Run ShowPageTrace Behavior [ RunTime:0.000388s ]
INFO: [ view_end ] --END-- [ RunTime:0.000465s ]

[ 2013-07-17T23:02:27+08:00 ] 127.0.0.1 /webs/index.php/main/main
INFO: [ route_check ] --START--
INFO: Run CheckRoute Behavior [ RunTime:0.000482s ]
INFO: [ route_check ] --END-- [ RunTime:0.000603s ]
INFO: [ app_begin ] --START--
INFO: Run ReadHtmlCache Behavior [ RunTime:0.000566s ]
INFO: [ app_begin ] --END-- [ RunTime:0.000673s ]
INFO: [ view_template ] --START--
INFO: Run LocationTemplate Behavior [ RunTime:0.000421s ]
INFO: [ view_template ] --END-- [ RunTime:0.000514s ]
INFO: [ view_parse ] --START--
INFO: Run ParseTemplate Behavior [ RunTime:0.006918s ]
INFO: [ view_parse ] --END-- [ RunTime:0.007067s ]
INFO: [ view_filter ] --START--
INFO: Run ContentReplace Behavior [ RunTime:0.000507s ]
INFO: Run TokenBuild Behavior [ RunTime:0.000385s ]
INFO: Run WriteHtmlCache Behavior [ RunTime:0.000355s ]
INFO: Run ShowRuntime Behavior [ RunTime:0.000509s ]
INFO: [ view_filter ] --END-- [ RunTime:0.001975s ]
INFO: [ view_end ] --START--
INFO: Run ShowPageTrace Behavior [ RunTime:0.000434s ]
INFO: [ view_end ] --END-- [ RunTime:0.000517s ]

[ 2013-07-17T23:02:31+08:00 ] 127.0.0.1 /webs/index.php/
INFO: [ route_check ] --START--
INFO: Run CheckRoute Behavior [ RunTime:0.000296s ]
INFO: [ route_check ] --END-- [ RunTime:0.000380s ]
INFO: [ app_begin ] --START--
INFO: Run ReadHtmlCache Behavior [ RunTime:0.000229s ]
INFO: [ app_begin ] --END-- [ RunTime:0.000288s ]
INFO: [ view_template ] --START--
INFO: Run LocationTemplate Behavior [ RunTime:0.000389s ]
INFO: [ view_template ] --END-- [ RunTime:0.000462s ]
INFO: [ view_parse ] --START--
NOTIC: [8] Undefined variable: list F:\Zend\Apache2\htdocs\webs\Home\Runtime\Cache\7e4848229090366086cc7eeb3bfc0798.php 第 21 行.
INFO: Run ParseTemplate Behavior [ RunTime:0.007420s ]
INFO: [ view_parse ] --END-- [ RunTime:0.007515s ]
INFO: [ view_filter ] --START--
INFO: Run ContentReplace Behavior [ RunTime:0.000287s ]
INFO: Run TokenBuild Behavior [ RunTime:0.000201s ]
INFO: Run WriteHtmlCache Behavior [ RunTime:0.000164s ]
INFO: Run ShowRuntime Behavior [ RunTime:0.000242s ]
INFO: [ view_filter ] --END-- [ RunTime:0.001050s ]
INFO: [ view_end ] --START--
INFO: Run ShowPageTrace Behavior [ RunTime:0.000202s ]
INFO: [ view_end ] --END-- [ RunTime:0.000256s ]

[ 2013-07-17T23:08:03+08:00 ] 127.0.0.1 /webs/index.php/
INFO: [ route_check ] --START--
INFO: Run CheckRoute Behavior [ RunTime:0.000544s ]
INFO: [ route_check ] --END-- [ RunTime:0.000641s ]
INFO: [ app_begin ] --START--
INFO: Run ReadHtmlCache Behavior [ RunTime:0.000367s ]
INFO: [ app_begin ] --END-- [ RunTime:0.000439s ]
INFO: [ view_template ] --START--
INFO: Run LocationTemplate Behavior [ RunTime:0.000492s ]
INFO: [ view_template ] --END-- [ RunTime:0.000550s ]
INFO: [ view_parse ] --START--
NOTIC: [8] Undefined variable: list F:\Zend\Apache2\htdocs\webs\Home\Runtime\Cache\7e4848229090366086cc7eeb3bfc0798.php 第 21 行.
INFO: Run ParseTemplate Behavior [ RunTime:0.008147s ]
INFO: [ view_parse ] --END-- [ RunTime:0.008229s ]
INFO: [ view_filter ] --START--
INFO: Run ContentReplace Behavior [ RunTime:0.000348s ]
INFO: Run TokenBuild Behavior [ RunTime:0.000349s ]
INFO: Run WriteHtmlCache Behavior [ RunTime:0.000267s ]
INFO: Run ShowRuntime Behavior [ RunTime:0.000332s ]
INFO: [ view_filter ] --END-- [ RunTime:0.001462s ]
INFO: [ view_end ] --START--
INFO: Run ShowPageTrace Behavior [ RunTime:0.000271s ]
INFO: [ view_end ] --END-- [ RunTime:0.000317s ]

[ 2013-07-17T23:23:11+08:00 ] 127.0.0.1 /webs/index.php/
INFO: [ route_check ] --START--
INFO: Run CheckRoute Behavior [ RunTime:0.044466s ]
INFO: [ route_check ] --END-- [ RunTime:0.044586s ]
INFO: [ app_begin ] --START--
INFO: Run ReadHtmlCache Behavior [ RunTime:0.000436s ]
INFO: [ app_begin ] --END-- [ RunTime:0.000669s ]
INFO: [ view_template ] --START--
INFO: Run LocationTemplate Behavior [ RunTime:0.000744s ]
INFO: [ view_template ] --END-- [ RunTime:0.000845s ]
INFO: [ view_parse ] --START--
NOTIC: [8] Undefined variable: list F:\Zend\Apache2\htdocs\webs\Home\Runtime\Cache\7e4848229090366086cc7eeb3bfc0798.php 第 21 行.
INFO: Run ParseTemplate Behavior [ RunTime:0.022361s ]
INFO: [ view_parse ] --END-- [ RunTime:0.022471s ]
INFO: [ view_filter ] --START--
INFO: Run ContentReplace Behavior [ RunTime:0.000468s ]
INFO: Run TokenBuild Behavior [ RunTime:0.000366s ]
INFO: Run WriteHtmlCache Behavior [ RunTime:0.000310s ]
INFO: Run ShowRuntime Behavior [ RunTime:0.000402s ]
INFO: [ view_filter ] --END-- [ RunTime:0.001746s ]
INFO: [ view_end ] --START--
INFO: Run ShowPageTrace Behavior [ RunTime:0.000427s ]
INFO: [ view_end ] --END-- [ RunTime:0.000498s ]

[ 2013-07-17T23:23:33+08:00 ] 127.0.0.1 /webs/index.php/
INFO: [ route_check ] --START--
INFO: Run CheckRoute Behavior [ RunTime:0.000229s ]
INFO: [ route_check ] --END-- [ RunTime:0.000309s ]
INFO: [ app_begin ] --START--
INFO: Run ReadHtmlCache Behavior [ RunTime:0.000195s ]
INFO: [ app_begin ] --END-- [ RunTime:0.000260s ]
INFO: [ view_template ] --START--
INFO: Run LocationTemplate Behavior [ RunTime:0.000242s ]
INFO: [ view_template ] --END-- [ RunTime:0.000317s ]
INFO: [ view_parse ] --START--
INFO: Run ParseTemplate Behavior [ RunTime:0.005840s ]
INFO: [ view_parse ] --END-- [ RunTime:0.005962s ]
INFO: [ view_filter ] --START--
INFO: Run ContentReplace Behavior [ RunTime:0.000261s ]
INFO: Run TokenBuild Behavior [ RunTime:0.000187s ]
INFO: Run WriteHtmlCache Behavior [ RunTime:0.000158s ]
INFO: Run ShowRuntime Behavior [ RunTime:0.000221s ]
INFO: [ view_filter ] --END-- [ RunTime:0.000971s ]
INFO: [ view_end ] --START--
INFO: Run ShowPageTrace Behavior [ RunTime:0.000190s ]
INFO: [ view_end ] --END-- [ RunTime:0.000237s ]

[ 2013-07-17T23:24:00+08:00 ] 127.0.0.1 /webs/index.php/
INFO: [ route_check ] --START--
INFO: Run CheckRoute Behavior [ RunTime:0.000408s ]
INFO: [ route_check ] --END-- [ RunTime:0.000502s ]
INFO: [ app_begin ] --START--
INFO: Run ReadHtmlCache Behavior [ RunTime:0.000296s ]
INFO: [ app_begin ] --END-- [ RunTime:0.000368s ]
INFO: [ view_template ] --START--
INFO: Run LocationTemplate Behavior [ RunTime:0.000774s ]
INFO: [ view_template ] --END-- [ RunTime:0.000881s ]
INFO: [ view_parse ] --START--
INFO: Run ParseTemplate Behavior [ RunTime:0.177085s ]
INFO: [ view_parse ] --END-- [ RunTime:0.177238s ]
INFO: [ view_filter ] --START--
INFO: Run ContentReplace Behavior [ RunTime:0.000507s ]
INFO: Run TokenBuild Behavior [ RunTime:0.000375s ]
INFO: Run WriteHtmlCache Behavior [ RunTime:0.000315s ]
INFO: Run ShowRuntime Behavior [ RunTime:0.000555s ]
INFO: [ view_filter ] --END-- [ RunTime:0.002033s ]
INFO: [ view_end ] --START--
INFO: Run ShowPageTrace Behavior [ RunTime:0.000380s ]
INFO: [ view_end ] --END-- [ RunTime:0.000453s ]

[ 2013-07-17T23:25:23+08:00 ] 127.0.0.1 /webs/index.php/
INFO: [ route_check ] --START--
INFO: Run CheckRoute Behavior [ RunTime:0.000373s ]
INFO: [ route_check ] --END-- [ RunTime:0.000503s ]
INFO: [ app_begin ] --START--
INFO: Run ReadHtmlCache Behavior [ RunTime:0.000411s ]
INFO: [ app_begin ] --END-- [ RunTime:0.000503s ]
INFO: [ view_template ] --START--
INFO: Run LocationTemplate Behavior [ RunTime:0.000213s ]
INFO: [ view_template ] --END-- [ RunTime:0.000273s ]
INFO: [ view_parse ] --START--
NOTIC: [8] Undefined variable: list F:\Zend\Apache2\htdocs\webs\Home\Runtime\Cache\7e4848229090366086cc7eeb3bfc0798.php 第 21 行.
INFO: Run ParseTemplate Behavior [ RunTime:0.029733s ]
INFO: [ view_parse ] --END-- [ RunTime:0.029817s ]
INFO: [ view_filter ] --START--
INFO: Run ContentReplace Behavior [ RunTime:0.000261s ]
INFO: Run TokenBuild Behavior [ RunTime:0.000176s ]
INFO: Run WriteHtmlCache Behavior [ RunTime:0.000138s ]
INFO: Run ShowRuntime Behavior [ RunTime:0.000201s ]
INFO: [ view_filter ] --END-- [ RunTime:0.000909s ]
INFO: [ view_end ] --START--
INFO: Run ShowPageTrace Behavior [ RunTime:0.000172s ]
INFO: [ view_end ] --END-- [ RunTime:0.000217s ]

[ 2013-07-17T23:25:24+08:00 ] 127.0.0.1 /webs/index.php/main/main
INFO: [ route_check ] --START--
INFO: Run CheckRoute Behavior [ RunTime:0.000927s ]
INFO: [ route_check ] --END-- [ RunTime:0.001039s ]
INFO: [ app_begin ] --START--
INFO: Run ReadHtmlCache Behavior [ RunTime:0.000334s ]
INFO: [ app_begin ] --END-- [ RunTime:0.000420s ]
INFO: [ view_template ] --START--
INFO: Run LocationTemplate Behavior [ RunTime:0.000387s ]
INFO: [ view_template ] --END-- [ RunTime:0.000496s ]
INFO: [ view_parse ] --START--
INFO: Run ParseTemplate Behavior [ RunTime:0.007373s ]
INFO: [ view_parse ] --END-- [ RunTime:0.007517s ]
INFO: [ view_filter ] --START--
INFO: Run ContentReplace Behavior [ RunTime:0.000399s ]
INFO: Run TokenBuild Behavior [ RunTime:0.000327s ]
INFO: Run WriteHtmlCache Behavior [ RunTime:0.000269s ]
INFO: Run ShowRuntime Behavior [ RunTime:0.000375s ]
INFO: [ view_filter ] --END-- [ RunTime:0.001585s ]
INFO: [ view_end ] --START--
INFO: Run ShowPageTrace Behavior [ RunTime:0.000322s ]
INFO: [ view_end ] --END-- [ RunTime:0.000393s ]

[ 2013-07-17T23:26:24+08:00 ] 127.0.0.1 /webs/index.php/
INFO: [ route_check ] --START--
INFO: Run CheckRoute Behavior [ RunTime:0.000301s ]
INFO: [ route_check ] --END-- [ RunTime:0.000408s ]
INFO: [ app_begin ] --START--
INFO: Run ReadHtmlCache Behavior [ RunTime:0.000338s ]
INFO: [ app_begin ] --END-- [ RunTime:0.000470s ]
INFO: [ view_template ] --START--
INFO: Run LocationTemplate Behavior [ RunTime:0.000561s ]
INFO: [ view_template ] --END-- [ RunTime:0.000788s ]
INFO: [ view_parse ] --START--
NOTIC: [8] Undefined variable: list F:\Zend\Apache2\htdocs\webs\Home\Runtime\Cache\7e4848229090366086cc7eeb3bfc0798.php 第 21 行.
INFO: Run ParseTemplate Behavior [ RunTime:0.009580s ]
INFO: [ view_parse ] --END-- [ RunTime:0.009753s ]
INFO: [ view_filter ] --START--
INFO: Run ContentReplace Behavior [ RunTime:0.000394s ]
INFO: Run TokenBuild Behavior [ RunTime:0.000268s ]
INFO: Run WriteHtmlCache Behavior [ RunTime:0.000214s ]
INFO: Run ShowRuntime Behavior [ RunTime:0.000366s ]
INFO: [ view_filter ] --END-- [ RunTime:0.001449s ]
INFO: [ view_end ] --START--
INFO: Run ShowPageTrace Behavior [ RunTime:0.000263s ]
INFO: [ view_end ] --END-- [ RunTime:0.000334s ]

[ 2013-07-17T23:26:28+08:00 ] 127.0.0.1 /webs/index.php/main/main
INFO: [ route_check ] --START--
INFO: Run CheckRoute Behavior [ RunTime:0.000390s ]
INFO: [ route_check ] --END-- [ RunTime:0.000485s ]
INFO: [ app_begin ] --START--
INFO: Run ReadHtmlCache Behavior [ RunTime:0.000300s ]
INFO: [ app_begin ] --END-- [ RunTime:0.000369s ]
INFO: [ view_template ] --START--
INFO: Run LocationTemplate Behavior [ RunTime:0.000321s ]
INFO: [ view_template ] --END-- [ RunTime:0.000390s ]
INFO: [ view_parse ] --START--
INFO: Run ParseTemplate Behavior [ RunTime:0.005735s ]
INFO: [ view_parse ] --END-- [ RunTime:0.005848s ]
INFO: [ view_filter ] --START--
INFO: Run ContentReplace Behavior [ RunTime:0.000346s ]
INFO: Run TokenBuild Behavior [ RunTime:0.000289s ]
INFO: Run WriteHtmlCache Behavior [ RunTime:0.000244s ]
INFO: Run ShowRuntime Behavior [ RunTime:0.000327s ]
INFO: [ view_filter ] --END-- [ RunTime:0.001375s ]
INFO: [ view_end ] --START--
INFO: Run ShowPageTrace Behavior [ RunTime:0.000286s ]
INFO: [ view_end ] --END-- [ RunTime:0.000343s ]

[ 2013-07-17T23:26:34+08:00 ] 127.0.0.1 /webs/index.php/main/main
INFO: [ route_check ] --START--
INFO: Run CheckRoute Behavior [ RunTime:0.000227s ]
INFO: [ route_check ] --END-- [ RunTime:0.000306s ]
INFO: [ app_begin ] --START--
INFO: Run ReadHtmlCache Behavior [ RunTime:0.000195s ]
INFO: [ app_begin ] --END-- [ RunTime:0.000246s ]
INFO: [ view_template ] --START--
INFO: Run LocationTemplate Behavior [ RunTime:0.000217s ]
INFO: [ view_template ] --END-- [ RunTime:0.000277s ]
INFO: [ view_parse ] --START--
INFO: Run ParseTemplate Behavior [ RunTime:0.005008s ]
INFO: [ view_parse ] --END-- [ RunTime:0.005135s ]
INFO: [ view_filter ] --START--
INFO: Run ContentReplace Behavior [ RunTime:0.000266s ]
INFO: Run TokenBuild Behavior [ RunTime:0.000237s ]
INFO: Run WriteHtmlCache Behavior [ RunTime:0.000151s ]
INFO: Run ShowRuntime Behavior [ RunTime:0.000218s ]
INFO: [ view_filter ] --END-- [ RunTime:0.001018s ]
INFO: [ view_end ] --START--
INFO: Run ShowPageTrace Behavior [ RunTime:0.000185s ]
INFO: [ view_end ] --END-- [ RunTime:0.000236s ]

[ 2013-07-17T23:27:12+08:00 ] 127.0.0.1 /webs/index.php/main/main
INFO: [ route_check ] --START--
INFO: Run CheckRoute Behavior [ RunTime:0.000263s ]
INFO: [ route_check ] --END-- [ RunTime:0.000381s ]
INFO: [ app_begin ] --START--
INFO: Run ReadHtmlCache Behavior [ RunTime:0.000254s ]
INFO: [ app_begin ] --END-- [ RunTime:0.000332s ]
INFO: [ view_template ] --START--
INFO: Run LocationTemplate Behavior [ RunTime:0.000324s ]
INFO: [ view_template ] --END-- [ RunTime:0.000464s ]
INFO: [ view_parse ] --START--
INFO: Run ParseTemplate Behavior [ RunTime:0.004258s ]
INFO: [ view_parse ] --END-- [ RunTime:0.004384s ]
INFO: [ view_filter ] --START--
INFO: Run ContentReplace Behavior [ RunTime:0.000208s ]
INFO: Run TokenBuild Behavior [ RunTime:0.000148s ]
INFO: Run WriteHtmlCache Behavior [ RunTime:0.000119s ]
INFO: Run ShowRuntime Behavior [ RunTime:0.000182s ]
INFO: [ view_filter ] --END-- [ RunTime:0.000782s ]
INFO: [ view_end ] --START--
INFO: Run ShowPageTrace Behavior [ RunTime:0.000146s ]
INFO: [ view_end ] --END-- [ RunTime:0.000190s ]

[ 2013-07-17T23:27:17+08:00 ] 127.0.0.1 /webs/
INFO: [ app_begin ] --START--
INFO: Run ReadHtmlCache Behavior [ RunTime:0.000193s ]
INFO: [ app_begin ] --END-- [ RunTime:0.000272s ]
INFO: [ view_template ] --START--
INFO: Run LocationTemplate Behavior [ RunTime:0.000356s ]
INFO: [ view_template ] --END-- [ RunTime:0.000416s ]
INFO: [ view_parse ] --START--
NOTIC: [8] Undefined variable: list F:\Zend\Apache2\htdocs\webs\Home\Runtime\Cache\7e4848229090366086cc7eeb3bfc0798.php 第 21 行.
INFO: Run ParseTemplate Behavior [ RunTime:0.059536s ]
INFO: [ view_parse ] --END-- [ RunTime:0.059639s ]
INFO: [ view_filter ] --START--
INFO: Run ContentReplace Behavior [ RunTime:0.000352s ]
INFO: Run TokenBuild Behavior [ RunTime:0.000237s ]
INFO: Run WriteHtmlCache Behavior [ RunTime:0.000198s ]
INFO: Run ShowRuntime Behavior [ RunTime:0.000423s ]
INFO: [ view_filter ] --END-- [ RunTime:0.001458s ]
INFO: [ view_end ] --START--
INFO: Run ShowPageTrace Behavior [ RunTime:0.000343s ]
INFO: [ view_end ] --END-- [ RunTime:0.000454s ]

[ 2013-07-17T23:27:18+08:00 ] 127.0.0.1 /webs/
INFO: [ app_begin ] --START--
INFO: Run ReadHtmlCache Behavior [ RunTime:0.000146s ]
INFO: [ app_begin ] --END-- [ RunTime:0.000216s ]
INFO: [ view_template ] --START--
INFO: Run LocationTemplate Behavior [ RunTime:0.000161s ]
INFO: [ view_template ] --END-- [ RunTime:0.000212s ]
INFO: [ view_parse ] --START--
NOTIC: [8] Undefined variable: list F:\Zend\Apache2\htdocs\webs\Home\Runtime\Cache\7e4848229090366086cc7eeb3bfc0798.php 第 21 行.
INFO: Run ParseTemplate Behavior [ RunTime:0.005602s ]
INFO: [ view_parse ] --END-- [ RunTime:0.005682s ]
INFO: [ view_filter ] --START--
INFO: Run ContentReplace Behavior [ RunTime:0.000186s ]
INFO: Run TokenBuild Behavior [ RunTime:0.000130s ]
INFO: Run WriteHtmlCache Behavior [ RunTime:0.000097s ]
INFO: Run ShowRuntime Behavior [ RunTime:0.000237s ]
INFO: [ view_filter ] --END-- [ RunTime:0.000790s ]
INFO: [ view_end ] --START--
INFO: Run ShowPageTrace Behavior [ RunTime:0.000132s ]
INFO: [ view_end ] --END-- [ RunTime:0.000180s ]

[ 2013-07-17T23:27:33+08:00 ] 127.0.0.1 /webs/
INFO: [ app_begin ] --START--
INFO: Run ReadHtmlCache Behavior [ RunTime:0.000423s ]
INFO: [ app_begin ] --END-- [ RunTime:0.000500s ]
INFO: [ view_template ] --START--
INFO: Run LocationTemplate Behavior [ RunTime:0.000345s ]
INFO: [ view_template ] --END-- [ RunTime:0.000402s ]
INFO: [ view_parse ] --START--
NOTIC: [8] Undefined variable: list F:\Zend\Apache2\htdocs\webs\Home\Runtime\Cache\7e4848229090366086cc7eeb3bfc0798.php 第 21 行.
INFO: Run ParseTemplate Behavior [ RunTime:0.007054s ]
INFO: [ view_parse ] --END-- [ RunTime:0.007142s ]
INFO: [ view_filter ] --START--
INFO: Run ContentReplace Behavior [ RunTime:0.000339s ]
INFO: Run TokenBuild Behavior [ RunTime:0.000257s ]
INFO: Run WriteHtmlCache Behavior [ RunTime:0.000283s ]
INFO: Run ShowRuntime Behavior [ RunTime:0.000294s ]
INFO: [ view_filter ] --END-- [ RunTime:0.001361s ]
INFO: [ view_end ] --START--
INFO: Run ShowPageTrace Behavior [ RunTime:0.000249s ]
INFO: [ view_end ] --END-- [ RunTime:0.000297s ]

[ 2013-07-17T23:27:43+08:00 ] 127.0.0.1 /webs/
INFO: [ app_begin ] --START--
INFO: Run ReadHtmlCache Behavior [ RunTime:0.000165s ]
INFO: [ app_begin ] --END-- [ RunTime:0.000240s ]
INFO: [ view_template ] --START--
INFO: Run LocationTemplate Behavior [ RunTime:0.000183s ]
INFO: [ view_template ] --END-- [ RunTime:0.000237s ]
INFO: [ view_parse ] --START--
NOTIC: [8] Undefined variable: list F:\Zend\Apache2\htdocs\webs\Home\Runtime\Cache\7e4848229090366086cc7eeb3bfc0798.php 第 21 行.
INFO: Run ParseTemplate Behavior [ RunTime:0.005502s ]
INFO: [ view_parse ] --END-- [ RunTime:0.005581s ]
INFO: [ view_filter ] --START--
INFO: Run ContentReplace Behavior [ RunTime:0.000205s ]
INFO: Run TokenBuild Behavior [ RunTime:0.000147s ]
INFO: Run WriteHtmlCache Behavior [ RunTime:0.000114s ]
INFO: Run ShowRuntime Behavior [ RunTime:0.000173s ]
INFO: [ view_filter ] --END-- [ RunTime:0.000763s ]
INFO: [ view_end ] --START--
INFO: Run ShowPageTrace Behavior [ RunTime:0.000141s ]
INFO: [ view_end ] --END-- [ RunTime:0.000184s ]

[ 2013-07-17T23:28:41+08:00 ] 127.0.0.1 /webs/
INFO: [ app_begin ] --START--
INFO: Run ReadHtmlCache Behavior [ RunTime:0.000594s ]
INFO: [ app_begin ] --END-- [ RunTime:0.000708s ]
INFO: [ view_template ] --START--
INFO: Run LocationTemplate Behavior [ RunTime:0.000442s ]
INFO: [ view_template ] --END-- [ RunTime:0.000583s ]
INFO: [ view_parse ] --START--
NOTIC: [8] Undefined variable: list F:\Zend\Apache2\htdocs\webs\Home\Runtime\Cache\7e4848229090366086cc7eeb3bfc0798.php 第 21 行.
INFO: Run ParseTemplate Behavior [ RunTime:0.007095s ]
INFO: [ view_parse ] --END-- [ RunTime:0.007195s ]
INFO: [ view_filter ] --START--
INFO: Run ContentReplace Behavior [ RunTime:0.000349s ]
INFO: Run TokenBuild Behavior [ RunTime:0.000246s ]
INFO: Run WriteHtmlCache Behavior [ RunTime:0.000213s ]
INFO: Run ShowRuntime Behavior [ RunTime:0.000283s ]
INFO: [ view_filter ] --END-- [ RunTime:0.001219s ]
INFO: [ view_end ] --START--
INFO: Run ShowPageTrace Behavior [ RunTime:0.000238s ]
INFO: [ view_end ] --END-- [ RunTime:0.000282s ]

[ 2013-07-17T23:29:22+08:00 ] 127.0.0.1 /webs/
INFO: [ app_begin ] --START--
INFO: Run ReadHtmlCache Behavior [ RunTime:0.000278s ]
INFO: [ app_begin ] --END-- [ RunTime:0.000394s ]
INFO: [ view_template ] --START--
INFO: Run LocationTemplate Behavior [ RunTime:0.000699s ]
INFO: [ view_template ] --END-- [ RunTime:0.000793s ]
INFO: [ view_parse ] --START--
NOTIC: [8] Undefined variable: list F:\Zend\Apache2\htdocs\webs\Home\Runtime\Cache\7e4848229090366086cc7eeb3bfc0798.php 第 21 行.
INFO: Run ParseTemplate Behavior [ RunTime:0.008030s ]
INFO: [ view_parse ] --END-- [ RunTime:0.008129s ]
INFO: [ view_filter ] --START--
INFO: Run ContentReplace Behavior [ RunTime:0.000239s ]
INFO: Run TokenBuild Behavior [ RunTime:0.000153s ]
INFO: Run WriteHtmlCache Behavior [ RunTime:0.000118s ]
INFO: Run ShowRuntime Behavior [ RunTime:0.000365s ]
INFO: [ view_filter ] --END-- [ RunTime:0.001046s ]
INFO: [ view_end ] --START--
INFO: Run ShowPageTrace Behavior [ RunTime:0.000154s ]
INFO: [ view_end ] --END-- [ RunTime:0.000199s ]

[ 2013-07-17T23:30:08+08:00 ] 127.0.0.1 /webs/
INFO: [ app_begin ] --START--
INFO: Run ReadHtmlCache Behavior [ RunTime:0.000609s ]
INFO: [ app_begin ] --END-- [ RunTime:0.000713s ]
INFO: [ view_template ] --START--
INFO: Run LocationTemplate Behavior [ RunTime:0.000443s ]
INFO: [ view_template ] --END-- [ RunTime:0.000509s ]
INFO: [ view_parse ] --START--
NOTIC: [8] Undefined variable: list F:\Zend\Apache2\htdocs\webs\Home\Runtime\Cache\7e4848229090366086cc7eeb3bfc0798.php 第 21 行.
INFO: Run ParseTemplate Behavior [ RunTime:0.007166s ]
INFO: [ view_parse ] --END-- [ RunTime:0.007273s ]
INFO: [ view_filter ] --START--
INFO: Run ContentReplace Behavior [ RunTime:0.000695s ]
INFO: Run TokenBuild Behavior [ RunTime:0.000408s ]
INFO: Run WriteHtmlCache Behavior [ RunTime:0.000316s ]
INFO: Run ShowRuntime Behavior [ RunTime:0.000400s ]
INFO: [ view_filter ] --END-- [ RunTime:0.002039s ]
INFO: [ view_end ] --START--
INFO: Run ShowPageTrace Behavior [ RunTime:0.000281s ]
INFO: [ view_end ] --END-- [ RunTime:0.000331s ]

[ 2013-07-17T23:31:24+08:00 ] 127.0.0.1 /webs/index.php/main/main
INFO: [ route_check ] --START--
INFO: Run CheckRoute Behavior [ RunTime:0.000564s ]
INFO: [ route_check ] --END-- [ RunTime:0.000701s ]
INFO: [ app_begin ] --START--
INFO: Run ReadHtmlCache Behavior [ RunTime:0.000335s ]
INFO: [ app_begin ] --END-- [ RunTime:0.000426s ]
INFO: [ view_template ] --START--
INFO: Run LocationTemplate Behavior [ RunTime:0.000369s ]
INFO: [ view_template ] --END-- [ RunTime:0.000469s ]
INFO: [ view_parse ] --START--
INFO: Run ParseTemplate Behavior [ RunTime:0.007403s ]
INFO: [ view_parse ] --END-- [ RunTime:0.007559s ]
INFO: [ view_filter ] --START--
INFO: Run ContentReplace Behavior [ RunTime:0.000521s ]
INFO: Run TokenBuild Behavior [ RunTime:0.000354s ]
INFO: Run WriteHtmlCache Behavior [ RunTime:0.000293s ]
INFO: Run ShowRuntime Behavior [ RunTime:0.000395s ]
INFO: [ view_filter ] --END-- [ RunTime:0.001855s ]
INFO: [ view_end ] --START--
INFO: Run ShowPageTrace Behavior [ RunTime:0.000322s ]
INFO: [ view_end ] --END-- [ RunTime:0.000410s ]

[ 2013-07-17T23:32:02+08:00 ] 127.0.0.1 /webs/index.php/main/main
INFO: [ route_check ] --START--
INFO: Run CheckRoute Behavior [ RunTime:0.000237s ]
INFO: [ route_check ] --END-- [ RunTime:0.000382s ]
INFO: [ app_begin ] --START--
INFO: Run ReadHtmlCache Behavior [ RunTime:0.000176s ]
INFO: [ app_begin ] --END-- [ RunTime:0.000221s ]
INFO: [ view_template ] --START--
INFO: Run LocationTemplate Behavior [ RunTime:0.000207s ]
INFO: [ view_template ] --END-- [ RunTime:0.000260s ]
INFO: [ view_parse ] --START--
INFO: Run ParseTemplate Behavior [ RunTime:0.006000s ]
INFO: [ view_parse ] --END-- [ RunTime:0.006119s ]
INFO: [ view_filter ] --START--
INFO: Run ContentReplace Behavior [ RunTime:0.000269s ]
INFO: Run TokenBuild Behavior [ RunTime:0.000170s ]
INFO: Run WriteHtmlCache Behavior [ RunTime:0.000153s ]
INFO: Run ShowRuntime Behavior [ RunTime:0.000200s ]
INFO: [ view_filter ] --END-- [ RunTime:0.000924s ]
INFO: [ view_end ] --START--
INFO: Run ShowPageTrace Behavior [ RunTime:0.000170s ]
INFO: [ view_end ] --END-- [ RunTime:0.000214s ]

[ 2013-07-17T23:32:24+08:00 ] 127.0.0.1 /webs/index.php/main/main
INFO: [ route_check ] --START--
INFO: Run CheckRoute Behavior [ RunTime:0.000590s ]
INFO: [ route_check ] --END-- [ RunTime:0.000713s ]
INFO: [ app_begin ] --START--
INFO: Run ReadHtmlCache Behavior [ RunTime:0.000390s ]
INFO: [ app_begin ] --END-- [ RunTime:0.000480s ]
INFO: [ view_template ] --START--
INFO: Run LocationTemplate Behavior [ RunTime:0.000426s ]
INFO: [ view_template ] --END-- [ RunTime:0.000521s ]
INFO: [ view_parse ] --START--
INFO: Run ParseTemplate Behavior [ RunTime:0.007174s ]
INFO: [ view_parse ] --END-- [ RunTime:0.007298s ]
INFO: [ view_filter ] --START--
INFO: Run ContentReplace Behavior [ RunTime:0.000295s ]
INFO: Run TokenBuild Behavior [ RunTime:0.000224s ]
INFO: Run WriteHtmlCache Behavior [ RunTime:0.000191s ]
INFO: Run ShowRuntime Behavior [ RunTime:0.000257s ]
INFO: [ view_filter ] --END-- [ RunTime:0.001102s ]
INFO: [ view_end ] --START--
INFO: Run ShowPageTrace Behavior [ RunTime:0.000494s ]
INFO: [ view_end ] --END-- [ RunTime:0.000540s ]

[ 2013-07-17T23:33:07+08:00 ] 127.0.0.1 /webs/index.php/main/main
INFO: [ route_check ] --START--
INFO: Run CheckRoute Behavior [ RunTime:0.000198s ]
INFO: [ route_check ] --END-- [ RunTime:0.000268s ]
INFO: [ app_begin ] --START--
INFO: Run ReadHtmlCache Behavior [ RunTime:0.000172s ]
INFO: [ app_begin ] --END-- [ RunTime:0.000219s ]
INFO: [ view_template ] --START--
INFO: Run LocationTemplate Behavior [ RunTime:0.000193s ]
INFO: [ view_template ] --END-- [ RunTime:0.000242s ]
INFO: [ view_parse ] --START--
INFO: Run ParseTemplate Behavior [ RunTime:0.003818s ]
INFO: [ view_parse ] --END-- [ RunTime:0.003917s ]
INFO: [ view_filter ] --START--
INFO: Run ContentReplace Behavior [ RunTime:0.000217s ]
INFO: Run TokenBuild Behavior [ RunTime:0.000172s ]
INFO: Run WriteHtmlCache Behavior [ RunTime:0.000134s ]
INFO: Run ShowRuntime Behavior [ RunTime:0.000191s ]
INFO: [ view_filter ] --END-- [ RunTime:0.000840s ]
INFO: [ view_end ] --START--
INFO: Run ShowPageTrace Behavior [ RunTime:0.000163s ]
INFO: [ view_end ] --END-- [ RunTime:0.000205s ]

[ 2013-07-17T23:33:45+08:00 ] 127.0.0.1 /webs/index.php/main/main
INFO: [ route_check ] --START--
INFO: Run CheckRoute Behavior [ RunTime:0.000191s ]
INFO: [ route_check ] --END-- [ RunTime:0.000258s ]
INFO: [ app_begin ] --START--
INFO: Run ReadHtmlCache Behavior [ RunTime:0.000171s ]
INFO: [ app_begin ] --END-- [ RunTime:0.000216s ]
INFO: [ view_template ] --START--
INFO: Run LocationTemplate Behavior [ RunTime:0.000199s ]
INFO: [ view_template ] --END-- [ RunTime:0.000255s ]
INFO: [ view_parse ] --START--
INFO: Run ParseTemplate Behavior [ RunTime:0.004103s ]
INFO: [ view_parse ] --END-- [ RunTime:0.004210s ]
INFO: [ view_filter ] --START--
INFO: Run ContentReplace Behavior [ RunTime:0.000233s ]
INFO: Run TokenBuild Behavior [ RunTime:0.000166s ]
INFO: Run WriteHtmlCache Behavior [ RunTime:0.000132s ]
INFO: Run ShowRuntime Behavior [ RunTime:0.000247s ]
INFO: [ view_filter ] --END-- [ RunTime:0.000905s ]
INFO: [ view_end ] --START--
INFO: Run ShowPageTrace Behavior [ RunTime:0.000169s ]
INFO: [ view_end ] --END-- [ RunTime:0.000212s ]

[ 2013-07-17T23:34:02+08:00 ] 127.0.0.1 /webs/
INFO: [ app_begin ] --START--
INFO: Run ReadHtmlCache Behavior [ RunTime:0.000312s ]
INFO: [ app_begin ] --END-- [ RunTime:0.000391s ]
INFO: [ view_template ] --START--
INFO: Run LocationTemplate Behavior [ RunTime:0.000461s ]
INFO: [ view_template ] --END-- [ RunTime:0.000515s ]
INFO: [ view_parse ] --START--
NOTIC: [8] Undefined variable: list F:\Zend\Apache2\htdocs\webs\Home\Runtime\Cache\7e4848229090366086cc7eeb3bfc0798.php 第 21 行.
INFO: Run ParseTemplate Behavior [ RunTime:0.006531s ]
INFO: [ view_parse ] --END-- [ RunTime:0.006613s ]
INFO: [ view_filter ] --START--
INFO: Run ContentReplace Behavior [ RunTime:0.000309s ]
INFO: Run TokenBuild Behavior [ RunTime:0.000239s ]
INFO: Run WriteHtmlCache Behavior [ RunTime:0.000277s ]
INFO: Run ShowRuntime Behavior [ RunTime:0.000262s ]
INFO: [ view_filter ] --END-- [ RunTime:0.001219s ]
INFO: [ view_end ] --START--
INFO: Run ShowPageTrace Behavior [ RunTime:0.000225s ]
INFO: [ view_end ] --END-- [ RunTime:0.000270s ]

[ 2013-07-17T23:34:05+08:00 ] 127.0.0.1 /webs/
INFO: [ app_begin ] --START--
INFO: Run ReadHtmlCache Behavior [ RunTime:0.000175s ]
INFO: [ app_begin ] --END-- [ RunTime:0.000250s ]
INFO: [ view_template ] --START--
INFO: Run LocationTemplate Behavior [ RunTime:0.000339s ]
INFO: [ view_template ] --END-- [ RunTime:0.000411s ]
INFO: [ view_parse ] --START--
NOTIC: [8] Undefined variable: list F:\Zend\Apache2\htdocs\webs\Home\Runtime\Cache\7e4848229090366086cc7eeb3bfc0798.php 第 21 行.
INFO: Run ParseTemplate Behavior [ RunTime:0.005914s ]
INFO: [ view_parse ] --END-- [ RunTime:0.006003s ]
INFO: [ view_filter ] --START--
INFO: Run ContentReplace Behavior [ RunTime:0.000212s ]
INFO: Run TokenBuild Behavior [ RunTime:0.000158s ]
INFO: Run WriteHtmlCache Behavior [ RunTime:0.000127s ]
INFO: Run ShowRuntime Behavior [ RunTime:0.000182s ]
INFO: [ view_filter ] --END-- [ RunTime:0.000810s ]
INFO: [ view_end ] --START--
INFO: Run ShowPageTrace Behavior [ RunTime:0.000148s ]
INFO: [ view_end ] --END-- [ RunTime:0.000193s ]

[ 2013-07-17T23:34:16+08:00 ] 127.0.0.1 /webs/
INFO: [ app_begin ] --START--
INFO: Run ReadHtmlCache Behavior [ RunTime:0.000279s ]
INFO: [ app_begin ] --END-- [ RunTime:0.000382s ]
INFO: [ view_template ] --START--
INFO: Run LocationTemplate Behavior [ RunTime:0.000297s ]
INFO: [ view_template ] --END-- [ RunTime:0.000387s ]
INFO: [ view_parse ] --START--
NOTIC: [8] Undefined variable: list F:\Zend\Apache2\htdocs\webs\Home\Runtime\Cache\7e4848229090366086cc7eeb3bfc0798.php 第 21 行.
INFO: Run ParseTemplate Behavior [ RunTime:0.014544s ]
INFO: [ view_parse ] --END-- [ RunTime:0.014672s ]
INFO: [ view_filter ] --START--
INFO: Run ContentReplace Behavior [ RunTime:0.000333s ]
INFO: Run TokenBuild Behavior [ RunTime:0.000239s ]
INFO: Run WriteHtmlCache Behavior [ RunTime:0.000185s ]
INFO: Run ShowRuntime Behavior [ RunTime:0.000286s ]
INFO: [ view_filter ] --END-- [ RunTime:0.001253s ]
INFO: [ view_end ] --START--
INFO: Run ShowPageTrace Behavior [ RunTime:0.000241s ]
INFO: [ view_end ] --END-- [ RunTime:0.000313s ]

[ 2013-07-17T23:34:38+08:00 ] 127.0.0.1 /webs/
INFO: [ app_begin ] --START--
INFO: Run ReadHtmlCache Behavior [ RunTime:0.000333s ]
INFO: [ app_begin ] --END-- [ RunTime:0.000436s ]
INFO: [ view_template ] --START--
INFO: Run LocationTemplate Behavior [ RunTime:0.000364s ]
INFO: [ view_template ] --END-- [ RunTime:0.000429s ]
INFO: [ view_parse ] --START--
NOTIC: [8] Undefined variable: list F:\Zend\Apache2\htdocs\webs\Home\Runtime\Cache\7e4848229090366086cc7eeb3bfc0798.php 第 21 行.
INFO: Run ParseTemplate Behavior [ RunTime:0.012928s ]
INFO: [ view_parse ] --END-- [ RunTime:0.013013s ]
INFO: [ view_filter ] --START--
INFO: Run ContentReplace Behavior [ RunTime:0.000255s ]
INFO: Run TokenBuild Behavior [ RunTime:0.000172s ]
INFO: Run WriteHtmlCache Behavior [ RunTime:0.000142s ]
INFO: Run ShowRuntime Behavior [ RunTime:0.000248s ]
INFO: [ view_filter ] --END-- [ RunTime:0.000948s ]
INFO: [ view_end ] --START--
INFO: Run ShowPageTrace Behavior [ RunTime:0.000173s ]
INFO: [ view_end ] --END-- [ RunTime:0.000220s ]

[ 2013-07-17T23:35:20+08:00 ] 127.0.0.1 /webs/
INFO: [ app_begin ] --START--
INFO: Run ReadHtmlCache Behavior [ RunTime:0.000436s ]
INFO: [ app_begin ] --END-- [ RunTime:0.000543s ]
INFO: [ view_template ] --START--
INFO: Run LocationTemplate Behavior [ RunTime:0.000391s ]
INFO: [ view_template ] --END-- [ RunTime:0.000474s ]
INFO: [ view_parse ] --START--
NOTIC: [8] Undefined variable: list F:\Zend\Apache2\htdocs\webs\Home\Runtime\Cache\7e4848229090366086cc7eeb3bfc0798.php 第 21 行.
INFO: Run ParseTemplate Behavior [ RunTime:0.009476s ]
INFO: [ view_parse ] --END-- [ RunTime:0.009585s ]
INFO: [ view_filter ] --START--
INFO: Run ContentReplace Behavior [ RunTime:0.000427s ]
INFO: Run TokenBuild Behavior [ RunTime:0.000388s ]
INFO: Run WriteHtmlCache Behavior [ RunTime:0.000286s ]
INFO: Run ShowRuntime Behavior [ RunTime:0.000371s ]
INFO: [ view_filter ] --END-- [ RunTime:0.001664s ]
INFO: [ view_end ] --START--
INFO: Run ShowPageTrace Behavior [ RunTime:0.000290s ]
INFO: [ view_end ] --END-- [ RunTime:0.000359s ]

[ 2013-07-17T23:35:21+08:00 ] 127.0.0.1 /webs/
INFO: [ app_begin ] --START--
INFO: Run ReadHtmlCache Behavior [ RunTime:0.000202s ]
INFO: [ app_begin ] --END-- [ RunTime:0.000292s ]
INFO: [ view_template ] --START--
INFO: Run LocationTemplate Behavior [ RunTime:0.000231s ]
INFO: [ view_template ] --END-- [ RunTime:0.000357s ]
INFO: [ view_parse ] --START--
NOTIC: [8] Undefined variable: list F:\Zend\Apache2\htdocs\webs\Home\Runtime\Cache\7e4848229090366086cc7eeb3bfc0798.php 第 21 行.
INFO: Run ParseTemplate Behavior [ RunTime:0.008162s ]
INFO: [ view_parse ] --END-- [ RunTime:0.008272s ]
INFO: [ view_filter ] --START--
INFO: Run ContentReplace Behavior [ RunTime:0.000250s ]
INFO: Run TokenBuild Behavior [ RunTime:0.000184s ]
INFO: Run WriteHtmlCache Behavior [ RunTime:0.000136s ]
INFO: Run ShowRuntime Behavior [ RunTime:0.000278s ]
INFO: [ view_filter ] --END-- [ RunTime:0.001035s ]
INFO: [ view_end ] --START--
INFO: Run ShowPageTrace Behavior [ RunTime:0.000176s ]
INFO: [ view_end ] --END-- [ RunTime:0.000240s ]

[ 2013-07-17T23:35:43+08:00 ] 127.0.0.1 /webs/index.php/main/main
INFO: [ route_check ] --START--
INFO: Run CheckRoute Behavior [ RunTime:0.000279s ]
INFO: [ route_check ] --END-- [ RunTime:0.000349s ]
INFO: [ app_begin ] --START--
INFO: Run ReadHtmlCache Behavior [ RunTime:0.000178s ]
INFO: [ app_begin ] --END-- [ RunTime:0.000223s ]
INFO: [ view_template ] --START--
INFO: Run LocationTemplate Behavior [ RunTime:0.000195s ]
INFO: [ view_template ] --END-- [ RunTime:0.000245s ]
INFO: [ view_parse ] --START--
INFO: Run ParseTemplate Behavior [ RunTime:0.003881s ]
INFO: [ view_parse ] --END-- [ RunTime:0.003975s ]
INFO: [ view_filter ] --START--
INFO: Run ContentReplace Behavior [ RunTime:0.000216s ]
INFO: Run TokenBuild Behavior [ RunTime:0.000172s ]
INFO: Run WriteHtmlCache Behavior [ RunTime:0.000140s ]
INFO: Run ShowRuntime Behavior [ RunTime:0.000191s ]
INFO: [ view_filter ] --END-- [ RunTime:0.000844s ]
INFO: [ view_end ] --START--
INFO: Run ShowPageTrace Behavior [ RunTime:0.000166s ]
INFO: [ view_end ] --END-- [ RunTime:0.000209s ]

